[0.464s] DEBUG:colcon:Command line arguments: ['/usr/bin/colcon', 'build']
[0.465s] DEBUG:colcon:Parsed command line arguments: Namespace(log_base=None, log_level=None, verb_name='build', build_base='build', install_base='install', merge_install=False, symlink_install=False, test_result_base=None, continue_on_error=False, executor='parallel', parallel_workers=4, event_handlers=None, ignore_user_meta=False, metas=['./colcon.meta'], base_paths=['.'], packages_ignore=None, packages_ignore_regex=None, paths=None, packages_up_to=None, packages_up_to_regex=None, packages_above=None, packages_above_and_dependencies=None, packages_above_depth=None, packages_select_by_dep=None, packages_skip_by_dep=None, packages_skip_up_to=None, packages_select_build_failed=False, packages_skip_build_finished=False, packages_select_test_failures=False, packages_skip_test_passed=False, packages_select=None, packages_skip=None, packages_select_regex=None, packages_skip_regex=None, packages_start=None, packages_end=None, allow_overriding=[], cmake_args=None, cmake_target=None, cmake_target_skip_unavailable=False, cmake_clean_cache=False, cmake_clean_first=False, cmake_force_configure=False, ament_cmake_args=None, catkin_cmake_args=None, catkin_skip_building_tests=False, mixin_files=None, mixin=None, verb_parser=<colcon_mixin.mixin.mixin_argument.MixinArgumentDecorator object at 0xffffb1ca2740>, verb_extension=<colcon_core.verb.build.BuildVerb object at 0xffffb1d9b6d0>, main=<bound method BuildVerb.main of <colcon_core.verb.build.BuildVerb object at 0xffffb1d9b6d0>>, mixin_verb=('build',))
[1.275s] Level 1:colcon.colcon_core.package_discovery:discover_packages(colcon_meta) check parameters
[1.276s] Level 1:colcon.colcon_core.package_discovery:discover_packages(recursive) check parameters
[1.276s] Level 1:colcon.colcon_core.package_discovery:discover_packages(ignore) check parameters
[1.276s] Level 1:colcon.colcon_core.package_discovery:discover_packages(path) check parameters
[1.276s] Level 1:colcon.colcon_core.package_discovery:discover_packages(colcon_meta) discover
[1.276s] Level 1:colcon.colcon_core.package_discovery:discover_packages(recursive) discover
[1.277s] INFO:colcon.colcon_core.package_discovery:Crawling recursively for packages in '/home/group4/Documents/EECE5554-FP/navphy_ws'
[1.279s] Level 1:colcon.colcon_core.package_identification:_identify(.) by extensions ['ignore', 'ignore_ament_install']
[1.280s] Level 1:colcon.colcon_core.package_identification:_identify(.) by extension 'ignore'
[1.280s] Level 1:colcon.colcon_core.package_identification:_identify(.) by extension 'ignore_ament_install'
[1.280s] Level 1:colcon.colcon_core.package_identification:_identify(.) by extensions ['colcon_pkg']
[1.280s] Level 1:colcon.colcon_core.package_identification:_identify(.) by extension 'colcon_pkg'
[1.281s] Level 1:colcon.colcon_core.package_identification:_identify(.) by extensions ['colcon_meta']
[1.281s] Level 1:colcon.colcon_core.package_identification:_identify(.) by extension 'colcon_meta'
[1.281s] Level 1:colcon.colcon_core.package_identification:_identify(.) by extensions ['ros']
[1.281s] Level 1:colcon.colcon_core.package_identification:_identify(.) by extension 'ros'
[1.324s] Level 1:colcon.colcon_core.package_identification:_identify(.) by extensions ['cmake', 'python']
[1.324s] Level 1:colcon.colcon_core.package_identification:_identify(.) by extension 'cmake'
[1.324s] Level 1:colcon.colcon_core.package_identification:_identify(.) by extension 'python'
[1.324s] Level 1:colcon.colcon_core.package_identification:_identify(.) by extensions ['python_setup_py']
[1.324s] Level 1:colcon.colcon_core.package_identification:_identify(.) by extension 'python_setup_py'
[1.325s] Level 1:colcon.colcon_core.package_identification:_identify(basic_mobile_robot) by extensions ['ignore', 'ignore_ament_install']
[1.325s] Level 1:colcon.colcon_core.package_identification:_identify(basic_mobile_robot) by extension 'ignore'
[1.326s] Level 1:colcon.colcon_core.package_identification:_identify(basic_mobile_robot) by extension 'ignore_ament_install'
[1.326s] Level 1:colcon.colcon_core.package_identification:_identify(basic_mobile_robot) by extensions ['colcon_pkg']
[1.326s] Level 1:colcon.colcon_core.package_identification:_identify(basic_mobile_robot) by extension 'colcon_pkg'
[1.326s] Level 1:colcon.colcon_core.package_identification:_identify(basic_mobile_robot) by extensions ['colcon_meta']
[1.326s] Level 1:colcon.colcon_core.package_identification:_identify(basic_mobile_robot) by extension 'colcon_meta'
[1.326s] Level 1:colcon.colcon_core.package_identification:_identify(basic_mobile_robot) by extensions ['ros']
[1.327s] Level 1:colcon.colcon_core.package_identification:_identify(basic_mobile_robot) by extension 'ros'
[1.340s] DEBUG:colcon.colcon_core.package_identification:Package 'basic_mobile_robot' with type 'ros.ament_cmake' and name 'basic_mobile_robot'
[1.341s] Level 1:colcon.colcon_core.package_identification:_identify(build) by extensions ['ignore', 'ignore_ament_install']
[1.341s] Level 1:colcon.colcon_core.package_identification:_identify(build) by extension 'ignore'
[1.341s] Level 1:colcon.colcon_core.package_identification:_identify(build) ignored
[1.342s] Level 1:colcon.colcon_core.package_identification:_identify(install) by extensions ['ignore', 'ignore_ament_install']
[1.342s] Level 1:colcon.colcon_core.package_identification:_identify(install) by extension 'ignore'
[1.342s] Level 1:colcon.colcon_core.package_identification:_identify(install) ignored
[1.343s] Level 1:colcon.colcon_core.package_identification:_identify(log) by extensions ['ignore', 'ignore_ament_install']
[1.343s] Level 1:colcon.colcon_core.package_identification:_identify(log) by extension 'ignore'
[1.344s] Level 1:colcon.colcon_core.package_identification:_identify(log) ignored
[1.344s] Level 1:colcon.colcon_core.package_identification:_identify(navigation) by extensions ['ignore', 'ignore_ament_install']
[1.344s] Level 1:colcon.colcon_core.package_identification:_identify(navigation) by extension 'ignore'
[1.344s] Level 1:colcon.colcon_core.package_identification:_identify(navigation) by extension 'ignore_ament_install'
[1.345s] Level 1:colcon.colcon_core.package_identification:_identify(navigation) by extensions ['colcon_pkg']
[1.345s] Level 1:colcon.colcon_core.package_identification:_identify(navigation) by extension 'colcon_pkg'
[1.345s] Level 1:colcon.colcon_core.package_identification:_identify(navigation) by extensions ['colcon_meta']
[1.345s] Level 1:colcon.colcon_core.package_identification:_identify(navigation) by extension 'colcon_meta'
[1.345s] Level 1:colcon.colcon_core.package_identification:_identify(navigation) by extensions ['ros']
[1.345s] Level 1:colcon.colcon_core.package_identification:_identify(navigation) by extension 'ros'
[1.347s] DEBUG:colcon.colcon_core.package_identification:Package 'navigation' with type 'ros.ament_python' and name 'navigation'
[1.348s] Level 1:colcon.colcon_core.package_identification:_identify(piCam) by extensions ['ignore', 'ignore_ament_install']
[1.348s] Level 1:colcon.colcon_core.package_identification:_identify(piCam) by extension 'ignore'
[1.348s] Level 1:colcon.colcon_core.package_identification:_identify(piCam) by extension 'ignore_ament_install'
[1.349s] Level 1:colcon.colcon_core.package_identification:_identify(piCam) by extensions ['colcon_pkg']
[1.349s] Level 1:colcon.colcon_core.package_identification:_identify(piCam) by extension 'colcon_pkg'
[1.349s] Level 1:colcon.colcon_core.package_identification:_identify(piCam) by extensions ['colcon_meta']
[1.349s] Level 1:colcon.colcon_core.package_identification:_identify(piCam) by extension 'colcon_meta'
[1.349s] Level 1:colcon.colcon_core.package_identification:_identify(piCam) by extensions ['ros']
[1.349s] Level 1:colcon.colcon_core.package_identification:_identify(piCam) by extension 'ros'
[1.350s] Level 1:colcon.colcon_core.package_identification:_identify(piCam) by extensions ['cmake', 'python']
[1.350s] Level 1:colcon.colcon_core.package_identification:_identify(piCam) by extension 'cmake'
[1.350s] Level 1:colcon.colcon_core.package_identification:_identify(piCam) by extension 'python'
[1.350s] Level 1:colcon.colcon_core.package_identification:_identify(piCam) by extensions ['python_setup_py']
[1.350s] Level 1:colcon.colcon_core.package_identification:_identify(piCam) by extension 'python_setup_py'
[1.351s] Level 1:colcon.colcon_core.package_identification:_identify(piCam/calibration_images) by extensions ['ignore', 'ignore_ament_install']
[1.351s] Level 1:colcon.colcon_core.package_identification:_identify(piCam/calibration_images) by extension 'ignore'
[1.351s] Level 1:colcon.colcon_core.package_identification:_identify(piCam/calibration_images) by extension 'ignore_ament_install'
[1.351s] Level 1:colcon.colcon_core.package_identification:_identify(piCam/calibration_images) by extensions ['colcon_pkg']
[1.351s] Level 1:colcon.colcon_core.package_identification:_identify(piCam/calibration_images) by extension 'colcon_pkg'
[1.352s] Level 1:colcon.colcon_core.package_identification:_identify(piCam/calibration_images) by extensions ['colcon_meta']
[1.352s] Level 1:colcon.colcon_core.package_identification:_identify(piCam/calibration_images) by extension 'colcon_meta'
[1.352s] Level 1:colcon.colcon_core.package_identification:_identify(piCam/calibration_images) by extensions ['ros']
[1.352s] Level 1:colcon.colcon_core.package_identification:_identify(piCam/calibration_images) by extension 'ros'
[1.352s] Level 1:colcon.colcon_core.package_identification:_identify(piCam/calibration_images) by extensions ['cmake', 'python']
[1.353s] Level 1:colcon.colcon_core.package_identification:_identify(piCam/calibration_images) by extension 'cmake'
[1.353s] Level 1:colcon.colcon_core.package_identification:_identify(piCam/calibration_images) by extension 'python'
[1.353s] Level 1:colcon.colcon_core.package_identification:_identify(piCam/calibration_images) by extensions ['python_setup_py']
[1.353s] Level 1:colcon.colcon_core.package_identification:_identify(piCam/calibration_images) by extension 'python_setup_py'
[1.353s] Level 1:colcon.colcon_core.package_identification:_identify(piCam/captured_images) by extensions ['ignore', 'ignore_ament_install']
[1.354s] Level 1:colcon.colcon_core.package_identification:_identify(piCam/captured_images) by extension 'ignore'
[1.354s] Level 1:colcon.colcon_core.package_identification:_identify(piCam/captured_images) by extension 'ignore_ament_install'
[1.354s] Level 1:colcon.colcon_core.package_identification:_identify(piCam/captured_images) by extensions ['colcon_pkg']
[1.354s] Level 1:colcon.colcon_core.package_identification:_identify(piCam/captured_images) by extension 'colcon_pkg'
[1.354s] Level 1:colcon.colcon_core.package_identification:_identify(piCam/captured_images) by extensions ['colcon_meta']
[1.354s] Level 1:colcon.colcon_core.package_identification:_identify(piCam/captured_images) by extension 'colcon_meta'
[1.355s] Level 1:colcon.colcon_core.package_identification:_identify(piCam/captured_images) by extensions ['ros']
[1.355s] Level 1:colcon.colcon_core.package_identification:_identify(piCam/captured_images) by extension 'ros'
[1.355s] Level 1:colcon.colcon_core.package_identification:_identify(piCam/captured_images) by extensions ['cmake', 'python']
[1.355s] Level 1:colcon.colcon_core.package_identification:_identify(piCam/captured_images) by extension 'cmake'
[1.355s] Level 1:colcon.colcon_core.package_identification:_identify(piCam/captured_images) by extension 'python'
[1.355s] Level 1:colcon.colcon_core.package_identification:_identify(piCam/captured_images) by extensions ['python_setup_py']
[1.356s] Level 1:colcon.colcon_core.package_identification:_identify(piCam/captured_images) by extension 'python_setup_py'
[1.356s] Level 1:colcon.colcon_core.package_identification:_identify(rpi_pico) by extensions ['ignore', 'ignore_ament_install']
[1.356s] Level 1:colcon.colcon_core.package_identification:_identify(rpi_pico) by extension 'ignore'
[1.356s] Level 1:colcon.colcon_core.package_identification:_identify(rpi_pico) by extension 'ignore_ament_install'
[1.357s] Level 1:colcon.colcon_core.package_identification:_identify(rpi_pico) by extensions ['colcon_pkg']
[1.357s] Level 1:colcon.colcon_core.package_identification:_identify(rpi_pico) by extension 'colcon_pkg'
[1.357s] Level 1:colcon.colcon_core.package_identification:_identify(rpi_pico) by extensions ['colcon_meta']
[1.357s] Level 1:colcon.colcon_core.package_identification:_identify(rpi_pico) by extension 'colcon_meta'
[1.357s] Level 1:colcon.colcon_core.package_identification:_identify(rpi_pico) by extensions ['ros']
[1.357s] Level 1:colcon.colcon_core.package_identification:_identify(rpi_pico) by extension 'ros'
[1.358s] Level 1:colcon.colcon_core.package_identification:_identify(rpi_pico) by extensions ['cmake', 'python']
[1.358s] Level 1:colcon.colcon_core.package_identification:_identify(rpi_pico) by extension 'cmake'
[1.358s] Level 1:colcon.colcon_core.package_identification:_identify(rpi_pico) by extension 'python'
[1.358s] Level 1:colcon.colcon_core.package_identification:_identify(rpi_pico) by extensions ['python_setup_py']
[1.358s] Level 1:colcon.colcon_core.package_identification:_identify(rpi_pico) by extension 'python_setup_py'
[1.358s] Level 1:colcon.colcon_core.package_identification:_identify(scripts) by extensions ['ignore', 'ignore_ament_install']
[1.359s] Level 1:colcon.colcon_core.package_identification:_identify(scripts) by extension 'ignore'
[1.359s] Level 1:colcon.colcon_core.package_identification:_identify(scripts) by extension 'ignore_ament_install'
[1.359s] Level 1:colcon.colcon_core.package_identification:_identify(scripts) by extensions ['colcon_pkg']
[1.359s] Level 1:colcon.colcon_core.package_identification:_identify(scripts) by extension 'colcon_pkg'
[1.359s] Level 1:colcon.colcon_core.package_identification:_identify(scripts) by extensions ['colcon_meta']
[1.359s] Level 1:colcon.colcon_core.package_identification:_identify(scripts) by extension 'colcon_meta'
[1.360s] Level 1:colcon.colcon_core.package_identification:_identify(scripts) by extensions ['ros']
[1.360s] Level 1:colcon.colcon_core.package_identification:_identify(scripts) by extension 'ros'
[1.360s] Level 1:colcon.colcon_core.package_identification:_identify(scripts) by extensions ['cmake', 'python']
[1.360s] Level 1:colcon.colcon_core.package_identification:_identify(scripts) by extension 'cmake'
[1.360s] Level 1:colcon.colcon_core.package_identification:_identify(scripts) by extension 'python'
[1.360s] Level 1:colcon.colcon_core.package_identification:_identify(scripts) by extensions ['python_setup_py']
[1.361s] Level 1:colcon.colcon_core.package_identification:_identify(scripts) by extension 'python_setup_py'
[1.361s] Level 1:colcon.colcon_core.package_identification:_identify(target_tracking) by extensions ['ignore', 'ignore_ament_install']
[1.361s] Level 1:colcon.colcon_core.package_identification:_identify(target_tracking) by extension 'ignore'
[1.361s] Level 1:colcon.colcon_core.package_identification:_identify(target_tracking) by extension 'ignore_ament_install'
[1.362s] Level 1:colcon.colcon_core.package_identification:_identify(target_tracking) by extensions ['colcon_pkg']
[1.362s] Level 1:colcon.colcon_core.package_identification:_identify(target_tracking) by extension 'colcon_pkg'
[1.362s] Level 1:colcon.colcon_core.package_identification:_identify(target_tracking) by extensions ['colcon_meta']
[1.362s] Level 1:colcon.colcon_core.package_identification:_identify(target_tracking) by extension 'colcon_meta'
[1.362s] Level 1:colcon.colcon_core.package_identification:_identify(target_tracking) by extensions ['ros']
[1.362s] Level 1:colcon.colcon_core.package_identification:_identify(target_tracking) by extension 'ros'
[1.364s] DEBUG:colcon.colcon_core.package_identification:Package 'target_tracking' with type 'ros.ament_python' and name 'target_tracking'
[1.365s] Level 1:colcon.colcon_core.package_discovery:discover_packages(recursive) using defaults
[1.365s] Level 1:colcon.colcon_core.package_discovery:discover_packages(ignore) discover
[1.365s] Level 1:colcon.colcon_core.package_discovery:discover_packages(ignore) using defaults
[1.365s] Level 1:colcon.colcon_core.package_discovery:discover_packages(path) discover
[1.365s] Level 1:colcon.colcon_core.package_discovery:discover_packages(path) using defaults
[1.483s] Level 1:colcon.colcon_core.package_discovery:discover_packages(prefix_path) check parameters
[1.483s] Level 1:colcon.colcon_core.package_discovery:discover_packages(prefix_path) discover
[1.494s] DEBUG:colcon.colcon_installed_package_information.package_discovery:Found 7 installed packages in /home/group4/Documents/turtlebot3_ws/install
[1.497s] DEBUG:colcon.colcon_installed_package_information.package_discovery:Found 3 installed packages in /home/group4/Documents/EECE5554-FP/navphy_ws/install
[1.507s] DEBUG:colcon.colcon_installed_package_information.package_discovery:Found 341 installed packages in /opt/ros/humble
[1.517s] Level 1:colcon.colcon_core.package_discovery:discover_packages(prefix_path) using defaults
[1.725s] Level 5:colcon.colcon_core.verb:set package 'basic_mobile_robot' build argument 'cmake_args' from command line to 'None'
[1.725s] Level 5:colcon.colcon_core.verb:set package 'basic_mobile_robot' build argument 'cmake_target' from command line to 'None'
[1.725s] Level 5:colcon.colcon_core.verb:set package 'basic_mobile_robot' build argument 'cmake_target_skip_unavailable' from command line to 'False'
[1.725s] Level 5:colcon.colcon_core.verb:set package 'basic_mobile_robot' build argument 'cmake_clean_cache' from command line to 'False'
[1.725s] Level 5:colcon.colcon_core.verb:set package 'basic_mobile_robot' build argument 'cmake_clean_first' from command line to 'False'
[1.725s] Level 5:colcon.colcon_core.verb:set package 'basic_mobile_robot' build argument 'cmake_force_configure' from command line to 'False'
[1.725s] Level 5:colcon.colcon_core.verb:set package 'basic_mobile_robot' build argument 'ament_cmake_args' from command line to 'None'
[1.725s] Level 5:colcon.colcon_core.verb:set package 'basic_mobile_robot' build argument 'catkin_cmake_args' from command line to 'None'
[1.726s] Level 5:colcon.colcon_core.verb:set package 'basic_mobile_robot' build argument 'catkin_skip_building_tests' from command line to 'False'
[1.726s] DEBUG:colcon.colcon_core.verb:Building package 'basic_mobile_robot' with the following arguments: {'ament_cmake_args': None, 'build_base': '/home/group4/Documents/EECE5554-FP/navphy_ws/build/basic_mobile_robot', 'catkin_cmake_args': None, 'catkin_skip_building_tests': False, 'cmake_args': None, 'cmake_clean_cache': False, 'cmake_clean_first': False, 'cmake_force_configure': False, 'cmake_target': None, 'cmake_target_skip_unavailable': False, 'install_base': '/home/group4/Documents/EECE5554-FP/navphy_ws/install/basic_mobile_robot', 'merge_install': False, 'path': '/home/group4/Documents/EECE5554-FP/navphy_ws/basic_mobile_robot', 'symlink_install': False, 'test_result_base': None}
[1.727s] Level 5:colcon.colcon_core.verb:set package 'navigation' build argument 'cmake_args' from command line to 'None'
[1.727s] Level 5:colcon.colcon_core.verb:set package 'navigation' build argument 'cmake_target' from command line to 'None'
[1.727s] Level 5:colcon.colcon_core.verb:set package 'navigation' build argument 'cmake_target_skip_unavailable' from command line to 'False'
[1.728s] Level 5:colcon.colcon_core.verb:set package 'navigation' build argument 'cmake_clean_cache' from command line to 'False'
[1.728s] Level 5:colcon.colcon_core.verb:set package 'navigation' build argument 'cmake_clean_first' from command line to 'False'
[1.728s] Level 5:colcon.colcon_core.verb:set package 'navigation' build argument 'cmake_force_configure' from command line to 'False'
[1.728s] Level 5:colcon.colcon_core.verb:set package 'navigation' build argument 'ament_cmake_args' from command line to 'None'
[1.728s] Level 5:colcon.colcon_core.verb:set package 'navigation' build argument 'catkin_cmake_args' from command line to 'None'
[1.728s] Level 5:colcon.colcon_core.verb:set package 'navigation' build argument 'catkin_skip_building_tests' from command line to 'False'
[1.728s] DEBUG:colcon.colcon_core.verb:Building package 'navigation' with the following arguments: {'ament_cmake_args': None, 'build_base': '/home/group4/Documents/EECE5554-FP/navphy_ws/build/navigation', 'catkin_cmake_args': None, 'catkin_skip_building_tests': False, 'cmake_args': None, 'cmake_clean_cache': False, 'cmake_clean_first': False, 'cmake_force_configure': False, 'cmake_target': None, 'cmake_target_skip_unavailable': False, 'install_base': '/home/group4/Documents/EECE5554-FP/navphy_ws/install/navigation', 'merge_install': False, 'path': '/home/group4/Documents/EECE5554-FP/navphy_ws/navigation', 'symlink_install': False, 'test_result_base': None}
[1.730s] Level 5:colcon.colcon_core.verb:set package 'target_tracking' build argument 'cmake_args' from command line to 'None'
[1.730s] Level 5:colcon.colcon_core.verb:set package 'target_tracking' build argument 'cmake_target' from command line to 'None'
[1.730s] Level 5:colcon.colcon_core.verb:set package 'target_tracking' build argument 'cmake_target_skip_unavailable' from command line to 'False'
[1.730s] Level 5:colcon.colcon_core.verb:set package 'target_tracking' build argument 'cmake_clean_cache' from command line to 'False'
[1.730s] Level 5:colcon.colcon_core.verb:set package 'target_tracking' build argument 'cmake_clean_first' from command line to 'False'
[1.730s] Level 5:colcon.colcon_core.verb:set package 'target_tracking' build argument 'cmake_force_configure' from command line to 'False'
[1.730s] Level 5:colcon.colcon_core.verb:set package 'target_tracking' build argument 'ament_cmake_args' from command line to 'None'
[1.730s] Level 5:colcon.colcon_core.verb:set package 'target_tracking' build argument 'catkin_cmake_args' from command line to 'None'
[1.730s] Level 5:colcon.colcon_core.verb:set package 'target_tracking' build argument 'catkin_skip_building_tests' from command line to 'False'
[1.731s] DEBUG:colcon.colcon_core.verb:Building package 'target_tracking' with the following arguments: {'ament_cmake_args': None, 'build_base': '/home/group4/Documents/EECE5554-FP/navphy_ws/build/target_tracking', 'catkin_cmake_args': None, 'catkin_skip_building_tests': False, 'cmake_args': None, 'cmake_clean_cache': False, 'cmake_clean_first': False, 'cmake_force_configure': False, 'cmake_target': None, 'cmake_target_skip_unavailable': False, 'install_base': '/home/group4/Documents/EECE5554-FP/navphy_ws/install/target_tracking', 'merge_install': False, 'path': '/home/group4/Documents/EECE5554-FP/navphy_ws/target_tracking', 'symlink_install': False, 'test_result_base': None}
[1.731s] INFO:colcon.colcon_core.executor:Executing jobs using 'parallel' executor
[1.734s] DEBUG:colcon.colcon_parallel_executor.executor.parallel:run_until_complete
[1.735s] INFO:colcon.colcon_ros.task.ament_cmake.build:Building ROS package in '/home/group4/Documents/EECE5554-FP/navphy_ws/basic_mobile_robot' with build type 'ament_cmake'
[1.735s] INFO:colcon.colcon_cmake.task.cmake.build:Building CMake package in '/home/group4/Documents/EECE5554-FP/navphy_ws/basic_mobile_robot'
[1.744s] INFO:colcon.colcon_core.plugin_system:Skipping extension 'colcon_core.shell.bat': Not used on non-Windows systems
[1.745s] INFO:colcon.colcon_core.shell:Skip shell extension 'powershell' for command environment: Not usable outside of PowerShell
[1.746s] DEBUG:colcon.colcon_core.shell:Skip shell extension 'dsv' for command environment
[1.776s] INFO:colcon.colcon_ros.task.ament_python.build:Building ROS package in '/home/group4/Documents/EECE5554-FP/navphy_ws/navigation' with build type 'ament_python'
[1.778s] Level 1:colcon.colcon_core.shell:create_environment_hook('navigation', 'ament_prefix_path')
[1.780s] INFO:colcon.colcon_core.shell:Creating environment hook '/home/group4/Documents/EECE5554-FP/navphy_ws/install/navigation/share/navigation/hook/ament_prefix_path.ps1'
[1.783s] INFO:colcon.colcon_core.shell:Creating environment descriptor '/home/group4/Documents/EECE5554-FP/navphy_ws/install/navigation/share/navigation/hook/ament_prefix_path.dsv'
[1.786s] INFO:colcon.colcon_core.shell:Creating environment hook '/home/group4/Documents/EECE5554-FP/navphy_ws/install/navigation/share/navigation/hook/ament_prefix_path.sh'
[1.790s] INFO:colcon.colcon_core.shell:Skip shell extension 'powershell' for command environment: Not usable outside of PowerShell
[1.790s] DEBUG:colcon.colcon_core.shell:Skip shell extension 'dsv' for command environment
[1.823s] INFO:colcon.colcon_ros.task.ament_python.build:Building ROS package in '/home/group4/Documents/EECE5554-FP/navphy_ws/target_tracking' with build type 'ament_python'
[1.824s] Level 1:colcon.colcon_core.shell:create_environment_hook('target_tracking', 'ament_prefix_path')
[1.825s] INFO:colcon.colcon_core.shell:Creating environment hook '/home/group4/Documents/EECE5554-FP/navphy_ws/install/target_tracking/share/target_tracking/hook/ament_prefix_path.ps1'
[1.828s] INFO:colcon.colcon_core.shell:Creating environment descriptor '/home/group4/Documents/EECE5554-FP/navphy_ws/install/target_tracking/share/target_tracking/hook/ament_prefix_path.dsv'
[1.830s] INFO:colcon.colcon_core.shell:Creating environment hook '/home/group4/Documents/EECE5554-FP/navphy_ws/install/target_tracking/share/target_tracking/hook/ament_prefix_path.sh'
[1.834s] INFO:colcon.colcon_core.shell:Skip shell extension 'powershell' for command environment: Not usable outside of PowerShell
[1.836s] DEBUG:colcon.colcon_core.shell:Skip shell extension 'dsv' for command environment
[1.901s] DEBUG:colcon.colcon_core.event_handler.log_command:Invoking command in '/home/group4/Documents/EECE5554-FP/navphy_ws/build/basic_mobile_robot': CMAKE_PREFIX_PATH=${CMAKE_PREFIX_PATH}:/home/group4/Documents/turtlebot3_ws/install/turtlebot3_teleop:/home/group4/Documents/turtlebot3_ws/install/turtlebot3_example:/home/group4/Documents/EECE5554-FP/navphy_ws/install/target_tracking:/home/group4/Documents/EECE5554-FP/navphy_ws/install/navigation:/opt/ros/humble /usr/bin/cmake --build /home/group4/Documents/EECE5554-FP/navphy_ws/build/basic_mobile_robot -- -j4 -l4
[3.242s] INFO:colcon.colcon_core.task.python.build:Building Python package in '/home/group4/Documents/EECE5554-FP/navphy_ws/navigation'
[3.243s] INFO:colcon.colcon_core.shell:Skip shell extension 'powershell' for command environment: Not usable outside of PowerShell
[3.243s] DEBUG:colcon.colcon_core.shell:Skip shell extension 'dsv' for command environment
[4.564s] INFO:colcon.colcon_core.task.python.build:Building Python package in '/home/group4/Documents/EECE5554-FP/navphy_ws/target_tracking'
[4.565s] INFO:colcon.colcon_core.shell:Skip shell extension 'powershell' for command environment: Not usable outside of PowerShell
[4.565s] DEBUG:colcon.colcon_core.shell:Skip shell extension 'dsv' for command environment
[4.610s] DEBUG:colcon.colcon_core.event_handler.log_command:Invoked command in '/home/group4/Documents/EECE5554-FP/navphy_ws/build/basic_mobile_robot' returned '0': CMAKE_PREFIX_PATH=${CMAKE_PREFIX_PATH}:/home/group4/Documents/turtlebot3_ws/install/turtlebot3_teleop:/home/group4/Documents/turtlebot3_ws/install/turtlebot3_example:/home/group4/Documents/EECE5554-FP/navphy_ws/install/target_tracking:/home/group4/Documents/EECE5554-FP/navphy_ws/install/navigation:/opt/ros/humble /usr/bin/cmake --build /home/group4/Documents/EECE5554-FP/navphy_ws/build/basic_mobile_robot -- -j4 -l4
[4.655s] DEBUG:colcon.colcon_core.event_handler.log_command:Invoking command in '/home/group4/Documents/EECE5554-FP/navphy_ws/build/basic_mobile_robot': CMAKE_PREFIX_PATH=${CMAKE_PREFIX_PATH}:/home/group4/Documents/turtlebot3_ws/install/turtlebot3_teleop:/home/group4/Documents/turtlebot3_ws/install/turtlebot3_example:/home/group4/Documents/EECE5554-FP/navphy_ws/install/target_tracking:/home/group4/Documents/EECE5554-FP/navphy_ws/install/navigation:/opt/ros/humble /usr/bin/cmake --install /home/group4/Documents/EECE5554-FP/navphy_ws/build/basic_mobile_robot
[4.764s] Level 1:colcon.colcon_core.environment:create_environment_scripts_only(basic_mobile_robot)
[4.768s] DEBUG:colcon.colcon_core.event_handler.log_command:Invoked command in '/home/group4/Documents/EECE5554-FP/navphy_ws/build/basic_mobile_robot' returned '0': CMAKE_PREFIX_PATH=${CMAKE_PREFIX_PATH}:/home/group4/Documents/turtlebot3_ws/install/turtlebot3_teleop:/home/group4/Documents/turtlebot3_ws/install/turtlebot3_example:/home/group4/Documents/EECE5554-FP/navphy_ws/install/target_tracking:/home/group4/Documents/EECE5554-FP/navphy_ws/install/navigation:/opt/ros/humble /usr/bin/cmake --install /home/group4/Documents/EECE5554-FP/navphy_ws/build/basic_mobile_robot
[4.780s] Level 1:colcon.colcon_core.environment:checking '/home/group4/Documents/EECE5554-FP/navphy_ws/install/basic_mobile_robot' for CMake module files
[4.786s] Level 1:colcon.colcon_core.environment:checking '/home/group4/Documents/EECE5554-FP/navphy_ws/install/basic_mobile_robot' for CMake config files
[4.794s] Level 1:colcon.colcon_core.shell:create_environment_hook('basic_mobile_robot', 'cmake_prefix_path')
[4.795s] INFO:colcon.colcon_core.shell:Creating environment hook '/home/group4/Documents/EECE5554-FP/navphy_ws/install/basic_mobile_robot/share/basic_mobile_robot/hook/cmake_prefix_path.ps1'
[4.798s] INFO:colcon.colcon_core.shell:Creating environment descriptor '/home/group4/Documents/EECE5554-FP/navphy_ws/install/basic_mobile_robot/share/basic_mobile_robot/hook/cmake_prefix_path.dsv'
[4.800s] INFO:colcon.colcon_core.shell:Creating environment hook '/home/group4/Documents/EECE5554-FP/navphy_ws/install/basic_mobile_robot/share/basic_mobile_robot/hook/cmake_prefix_path.sh'
[4.804s] Level 1:colcon.colcon_core.environment:checking '/home/group4/Documents/EECE5554-FP/navphy_ws/install/basic_mobile_robot/lib'
[4.805s] Level 1:colcon.colcon_core.environment:checking '/home/group4/Documents/EECE5554-FP/navphy_ws/install/basic_mobile_robot/bin'
[4.805s] Level 1:colcon.colcon_core.environment:checking '/home/group4/Documents/EECE5554-FP/navphy_ws/install/basic_mobile_robot/lib/pkgconfig/basic_mobile_robot.pc'
[4.807s] Level 1:colcon.colcon_core.environment:checking '/home/group4/Documents/EECE5554-FP/navphy_ws/install/basic_mobile_robot/lib/python3.10/site-packages'
[4.809s] Level 1:colcon.colcon_core.environment:checking '/home/group4/Documents/EECE5554-FP/navphy_ws/install/basic_mobile_robot/bin'
[4.810s] INFO:colcon.colcon_core.shell:Creating package script '/home/group4/Documents/EECE5554-FP/navphy_ws/install/basic_mobile_robot/share/basic_mobile_robot/package.ps1'
[4.815s] INFO:colcon.colcon_core.shell:Creating package descriptor '/home/group4/Documents/EECE5554-FP/navphy_ws/install/basic_mobile_robot/share/basic_mobile_robot/package.dsv'
[4.819s] INFO:colcon.colcon_core.shell:Creating package script '/home/group4/Documents/EECE5554-FP/navphy_ws/install/basic_mobile_robot/share/basic_mobile_robot/package.sh'
[4.823s] INFO:colcon.colcon_core.shell:Creating package script '/home/group4/Documents/EECE5554-FP/navphy_ws/install/basic_mobile_robot/share/basic_mobile_robot/package.bash'
[4.827s] INFO:colcon.colcon_core.shell:Creating package script '/home/group4/Documents/EECE5554-FP/navphy_ws/install/basic_mobile_robot/share/basic_mobile_robot/package.zsh'
[4.831s] Level 1:colcon.colcon_core.environment:create_file_with_runtime_dependencies(/home/group4/Documents/EECE5554-FP/navphy_ws/install/basic_mobile_robot/share/colcon-core/packages/basic_mobile_robot)
[4.834s] Level 1:colcon.colcon_core.environment:create_environment_scripts_only(basic_mobile_robot)
[4.835s] Level 1:colcon.colcon_core.environment:checking '/home/group4/Documents/EECE5554-FP/navphy_ws/install/basic_mobile_robot' for CMake module files
[4.839s] Level 1:colcon.colcon_core.environment:checking '/home/group4/Documents/EECE5554-FP/navphy_ws/install/basic_mobile_robot' for CMake config files
[4.844s] Level 1:colcon.colcon_core.shell:create_environment_hook('basic_mobile_robot', 'cmake_prefix_path')
[4.846s] INFO:colcon.colcon_core.shell:Creating environment hook '/home/group4/Documents/EECE5554-FP/navphy_ws/install/basic_mobile_robot/share/basic_mobile_robot/hook/cmake_prefix_path.ps1'
[4.848s] INFO:colcon.colcon_core.shell:Creating environment descriptor '/home/group4/Documents/EECE5554-FP/navphy_ws/install/basic_mobile_robot/share/basic_mobile_robot/hook/cmake_prefix_path.dsv'
[4.851s] INFO:colcon.colcon_core.shell:Creating environment hook '/home/group4/Documents/EECE5554-FP/navphy_ws/install/basic_mobile_robot/share/basic_mobile_robot/hook/cmake_prefix_path.sh'
[4.855s] Level 1:colcon.colcon_core.environment:checking '/home/group4/Documents/EECE5554-FP/navphy_ws/install/basic_mobile_robot/lib'
[4.856s] Level 1:colcon.colcon_core.environment:checking '/home/group4/Documents/EECE5554-FP/navphy_ws/install/basic_mobile_robot/bin'
[4.856s] Level 1:colcon.colcon_core.environment:checking '/home/group4/Documents/EECE5554-FP/navphy_ws/install/basic_mobile_robot/lib/pkgconfig/basic_mobile_robot.pc'
[4.858s] Level 1:colcon.colcon_core.environment:checking '/home/group4/Documents/EECE5554-FP/navphy_ws/install/basic_mobile_robot/lib/python3.10/site-packages'
[4.859s] Level 1:colcon.colcon_core.environment:checking '/home/group4/Documents/EECE5554-FP/navphy_ws/install/basic_mobile_robot/bin'
[4.861s] INFO:colcon.colcon_core.shell:Creating package script '/home/group4/Documents/EECE5554-FP/navphy_ws/install/basic_mobile_robot/share/basic_mobile_robot/package.ps1'
[4.864s] INFO:colcon.colcon_core.shell:Creating package descriptor '/home/group4/Documents/EECE5554-FP/navphy_ws/install/basic_mobile_robot/share/basic_mobile_robot/package.dsv'
[4.867s] INFO:colcon.colcon_core.shell:Creating package script '/home/group4/Documents/EECE5554-FP/navphy_ws/install/basic_mobile_robot/share/basic_mobile_robot/package.sh'
[4.870s] INFO:colcon.colcon_core.shell:Creating package script '/home/group4/Documents/EECE5554-FP/navphy_ws/install/basic_mobile_robot/share/basic_mobile_robot/package.bash'
[4.872s] INFO:colcon.colcon_core.shell:Creating package script '/home/group4/Documents/EECE5554-FP/navphy_ws/install/basic_mobile_robot/share/basic_mobile_robot/package.zsh'
[4.875s] Level 1:colcon.colcon_core.environment:create_file_with_runtime_dependencies(/home/group4/Documents/EECE5554-FP/navphy_ws/install/basic_mobile_robot/share/colcon-core/packages/basic_mobile_robot)
[6.651s] DEBUG:colcon.colcon_core.event_handler.log_command:Invoking command in '/home/group4/Documents/EECE5554-FP/navphy_ws/navigation': PYTHONPATH=/home/group4/Documents/EECE5554-FP/navphy_ws/build/navigation/prefix_override:/usr/lib/python3/dist-packages/colcon_core/task/python/colcon_distutils_commands:/home/group4/Documents/EECE5554-FP/navphy_ws/install/navigation/lib/python3.10/site-packages:${PYTHONPATH} /usr/bin/python3 -W ignore:setup.py install is deprecated -W ignore:easy_install command is deprecated setup.py egg_info --egg-base ../build/navigation build --build-base /home/group4/Documents/EECE5554-FP/navphy_ws/build/navigation/build install --record /home/group4/Documents/EECE5554-FP/navphy_ws/build/navigation/install.log --single-version-externally-managed install_data
[6.657s] DEBUG:colcon.colcon_core.event_handler.log_command:Invoking command in '/home/group4/Documents/EECE5554-FP/navphy_ws/target_tracking': PYTHONPATH=/home/group4/Documents/EECE5554-FP/navphy_ws/build/target_tracking/prefix_override:/usr/lib/python3/dist-packages/colcon_core/task/python/colcon_distutils_commands:/home/group4/Documents/EECE5554-FP/navphy_ws/install/target_tracking/lib/python3.10/site-packages:${PYTHONPATH} /usr/bin/python3 -W ignore:setup.py install is deprecated -W ignore:easy_install command is deprecated setup.py egg_info --egg-base ../build/target_tracking build --build-base /home/group4/Documents/EECE5554-FP/navphy_ws/build/target_tracking/build install --record /home/group4/Documents/EECE5554-FP/navphy_ws/build/target_tracking/install.log --single-version-externally-managed install_data
[8.367s] Level 1:colcon.colcon_core.environment:checking '/home/group4/Documents/EECE5554-FP/navphy_ws/install/target_tracking' for CMake module files
[8.369s] DEBUG:colcon.colcon_core.event_handler.log_command:Invoked command in '/home/group4/Documents/EECE5554-FP/navphy_ws/target_tracking' returned '0': PYTHONPATH=/home/group4/Documents/EECE5554-FP/navphy_ws/build/target_tracking/prefix_override:/usr/lib/python3/dist-packages/colcon_core/task/python/colcon_distutils_commands:/home/group4/Documents/EECE5554-FP/navphy_ws/install/target_tracking/lib/python3.10/site-packages:${PYTHONPATH} /usr/bin/python3 -W ignore:setup.py install is deprecated -W ignore:easy_install command is deprecated setup.py egg_info --egg-base ../build/target_tracking build --build-base /home/group4/Documents/EECE5554-FP/navphy_ws/build/target_tracking/build install --record /home/group4/Documents/EECE5554-FP/navphy_ws/build/target_tracking/install.log --single-version-externally-managed install_data
[8.370s] Level 1:colcon.colcon_core.environment:checking '/home/group4/Documents/EECE5554-FP/navphy_ws/install/target_tracking' for CMake config files
[8.374s] Level 1:colcon.colcon_core.environment:checking '/home/group4/Documents/EECE5554-FP/navphy_ws/install/target_tracking/lib'
[8.374s] Level 1:colcon.colcon_core.environment:checking '/home/group4/Documents/EECE5554-FP/navphy_ws/install/target_tracking/bin'
[8.374s] Level 1:colcon.colcon_core.environment:checking '/home/group4/Documents/EECE5554-FP/navphy_ws/install/target_tracking/lib/pkgconfig/target_tracking.pc'
[8.375s] Level 1:colcon.colcon_core.environment:checking '/home/group4/Documents/EECE5554-FP/navphy_ws/install/target_tracking/lib/python3.10/site-packages'
[8.375s] Level 1:colcon.colcon_core.shell:create_environment_hook('target_tracking', 'pythonpath')
[8.376s] INFO:colcon.colcon_core.shell:Creating environment hook '/home/group4/Documents/EECE5554-FP/navphy_ws/install/target_tracking/share/target_tracking/hook/pythonpath.ps1'
[8.378s] INFO:colcon.colcon_core.shell:Creating environment descriptor '/home/group4/Documents/EECE5554-FP/navphy_ws/install/target_tracking/share/target_tracking/hook/pythonpath.dsv'
[8.380s] INFO:colcon.colcon_core.shell:Creating environment hook '/home/group4/Documents/EECE5554-FP/navphy_ws/install/target_tracking/share/target_tracking/hook/pythonpath.sh'
[8.383s] Level 1:colcon.colcon_core.environment:checking '/home/group4/Documents/EECE5554-FP/navphy_ws/install/target_tracking/bin'
[8.383s] Level 1:colcon.colcon_core.environment:create_environment_scripts_only(target_tracking)
[8.385s] INFO:colcon.colcon_core.shell:Creating package script '/home/group4/Documents/EECE5554-FP/navphy_ws/install/target_tracking/share/target_tracking/package.ps1'
[8.387s] INFO:colcon.colcon_core.shell:Creating package descriptor '/home/group4/Documents/EECE5554-FP/navphy_ws/install/target_tracking/share/target_tracking/package.dsv'
[8.393s] INFO:colcon.colcon_core.shell:Creating package script '/home/group4/Documents/EECE5554-FP/navphy_ws/install/target_tracking/share/target_tracking/package.sh'
[8.395s] INFO:colcon.colcon_core.shell:Creating package script '/home/group4/Documents/EECE5554-FP/navphy_ws/install/target_tracking/share/target_tracking/package.bash'
[8.397s] INFO:colcon.colcon_core.shell:Creating package script '/home/group4/Documents/EECE5554-FP/navphy_ws/install/target_tracking/share/target_tracking/package.zsh'
[8.400s] Level 1:colcon.colcon_core.environment:create_file_with_runtime_dependencies(/home/group4/Documents/EECE5554-FP/navphy_ws/install/target_tracking/share/colcon-core/packages/target_tracking)
[8.402s] Level 1:colcon.colcon_core.environment:checking '/home/group4/Documents/EECE5554-FP/navphy_ws/install/navigation' for CMake module files
[8.406s] DEBUG:colcon.colcon_core.event_handler.log_command:Invoked command in '/home/group4/Documents/EECE5554-FP/navphy_ws/navigation' returned '0': PYTHONPATH=/home/group4/Documents/EECE5554-FP/navphy_ws/build/navigation/prefix_override:/usr/lib/python3/dist-packages/colcon_core/task/python/colcon_distutils_commands:/home/group4/Documents/EECE5554-FP/navphy_ws/install/navigation/lib/python3.10/site-packages:${PYTHONPATH} /usr/bin/python3 -W ignore:setup.py install is deprecated -W ignore:easy_install command is deprecated setup.py egg_info --egg-base ../build/navigation build --build-base /home/group4/Documents/EECE5554-FP/navphy_ws/build/navigation/build install --record /home/group4/Documents/EECE5554-FP/navphy_ws/build/navigation/install.log --single-version-externally-managed install_data
[8.407s] Level 1:colcon.colcon_core.environment:checking '/home/group4/Documents/EECE5554-FP/navphy_ws/install/navigation' for CMake config files
[8.412s] Level 1:colcon.colcon_core.environment:checking '/home/group4/Documents/EECE5554-FP/navphy_ws/install/navigation/lib'
[8.412s] Level 1:colcon.colcon_core.environment:checking '/home/group4/Documents/EECE5554-FP/navphy_ws/install/navigation/bin'
[8.412s] Level 1:colcon.colcon_core.environment:checking '/home/group4/Documents/EECE5554-FP/navphy_ws/install/navigation/lib/pkgconfig/navigation.pc'
[8.413s] Level 1:colcon.colcon_core.environment:checking '/home/group4/Documents/EECE5554-FP/navphy_ws/install/navigation/lib/python3.10/site-packages'
[8.414s] Level 1:colcon.colcon_core.shell:create_environment_hook('navigation', 'pythonpath')
[8.415s] INFO:colcon.colcon_core.shell:Creating environment hook '/home/group4/Documents/EECE5554-FP/navphy_ws/install/navigation/share/navigation/hook/pythonpath.ps1'
[8.417s] INFO:colcon.colcon_core.shell:Creating environment descriptor '/home/group4/Documents/EECE5554-FP/navphy_ws/install/navigation/share/navigation/hook/pythonpath.dsv'
[8.419s] INFO:colcon.colcon_core.shell:Creating environment hook '/home/group4/Documents/EECE5554-FP/navphy_ws/install/navigation/share/navigation/hook/pythonpath.sh'
[8.423s] Level 1:colcon.colcon_core.environment:checking '/home/group4/Documents/EECE5554-FP/navphy_ws/install/navigation/bin'
[8.423s] Level 1:colcon.colcon_core.environment:create_environment_scripts_only(navigation)
[8.424s] INFO:colcon.colcon_core.shell:Creating package script '/home/group4/Documents/EECE5554-FP/navphy_ws/install/navigation/share/navigation/package.ps1'
[8.427s] INFO:colcon.colcon_core.shell:Creating package descriptor '/home/group4/Documents/EECE5554-FP/navphy_ws/install/navigation/share/navigation/package.dsv'
[8.429s] INFO:colcon.colcon_core.shell:Creating package script '/home/group4/Documents/EECE5554-FP/navphy_ws/install/navigation/share/navigation/package.sh'
[8.432s] INFO:colcon.colcon_core.shell:Creating package script '/home/group4/Documents/EECE5554-FP/navphy_ws/install/navigation/share/navigation/package.bash'
[8.437s] INFO:colcon.colcon_core.shell:Creating package script '/home/group4/Documents/EECE5554-FP/navphy_ws/install/navigation/share/navigation/package.zsh'
[8.439s] Level 1:colcon.colcon_core.environment:create_file_with_runtime_dependencies(/home/group4/Documents/EECE5554-FP/navphy_ws/install/navigation/share/colcon-core/packages/navigation)
[8.441s] DEBUG:colcon.colcon_parallel_executor.executor.parallel:closing loop
[8.443s] DEBUG:colcon.colcon_parallel_executor.executor.parallel:loop closed
[8.445s] DEBUG:colcon.colcon_parallel_executor.executor.parallel:run_until_complete finished with '0'
[8.446s] DEBUG:colcon.colcon_core.event_reactor:joining thread
[8.477s] INFO:colcon.colcon_core.plugin_system:Skipping extension 'colcon_notification.desktop_notification.terminal_notifier': Not used on non-Darwin systems
[8.477s] INFO:colcon.colcon_core.plugin_system:Skipping extension 'colcon_notification.desktop_notification.win32': Not used on non-Windows systems
[8.477s] INFO:colcon.colcon_notification.desktop_notification:Sending desktop notification using 'notify2'
[8.530s] DEBUG:colcon.colcon_core.event_reactor:joined thread
[8.531s] INFO:colcon.colcon_core.shell:Creating prefix script '/home/group4/Documents/EECE5554-FP/navphy_ws/install/local_setup.ps1'
[8.536s] INFO:colcon.colcon_core.shell:Creating prefix util module '/home/group4/Documents/EECE5554-FP/navphy_ws/install/_local_setup_util_ps1.py'
[8.545s] INFO:colcon.colcon_core.shell:Creating prefix chain script '/home/group4/Documents/EECE5554-FP/navphy_ws/install/setup.ps1'
[8.554s] INFO:colcon.colcon_core.shell:Creating prefix script '/home/group4/Documents/EECE5554-FP/navphy_ws/install/local_setup.sh'
[8.557s] INFO:colcon.colcon_core.shell:Creating prefix util module '/home/group4/Documents/EECE5554-FP/navphy_ws/install/_local_setup_util_sh.py'
[8.561s] INFO:colcon.colcon_core.shell:Creating prefix chain script '/home/group4/Documents/EECE5554-FP/navphy_ws/install/setup.sh'
[8.570s] INFO:colcon.colcon_core.shell:Creating prefix script '/home/group4/Documents/EECE5554-FP/navphy_ws/install/local_setup.bash'
[8.574s] INFO:colcon.colcon_core.shell:Creating prefix chain script '/home/group4/Documents/EECE5554-FP/navphy_ws/install/setup.bash'
[8.588s] INFO:colcon.colcon_core.shell:Creating prefix script '/home/group4/Documents/EECE5554-FP/navphy_ws/install/local_setup.zsh'
[8.591s] INFO:colcon.colcon_core.shell:Creating prefix chain script '/home/group4/Documents/EECE5554-FP/navphy_ws/install/setup.zsh'
