[4.924s] Invoking command in '/home/group4/Documents/EECE5554-FP/navphy_ws/target_tracking': PYTHONPATH=/home/group4/Documents/EECE5554-FP/navphy_ws/build/target_tracking/prefix_override:/usr/lib/python3/dist-packages/colcon_core/task/python/colcon_distutils_commands:/home/group4/Documents/EECE5554-FP/navphy_ws/install/target_tracking/lib/python3.10/site-packages:${PYTHONPATH} /usr/bin/python3 -W ignore:setup.py install is deprecated -W ignore:easy_install command is deprecated setup.py egg_info --egg-base ../build/target_tracking build --build-base /home/group4/Documents/EECE5554-FP/navphy_ws/build/target_tracking/build install --record /home/group4/Documents/EECE5554-FP/navphy_ws/build/target_tracking/install.log --single-version-externally-managed install_data
[6.315s] running egg_info
[6.319s] writing ../build/target_tracking/target_tracking.egg-info/PKG-INFO
[6.321s] writing dependency_links to ../build/target_tracking/target_tracking.egg-info/dependency_links.txt
[6.322s] writing entry points to ../build/target_tracking/target_tracking.egg-info/entry_points.txt
[6.324s] writing requirements to ../build/target_tracking/target_tracking.egg-info/requires.txt
[6.325s] writing top-level names to ../build/target_tracking/target_tracking.egg-info/top_level.txt
[6.334s] reading manifest file '../build/target_tracking/target_tracking.egg-info/SOURCES.txt'
[6.344s] writing manifest file '../build/target_tracking/target_tracking.egg-info/SOURCES.txt'
[6.345s] running build
[6.345s] running build_py
[6.352s] copying target_tracking/target_pos.py -> /home/group4/Documents/EECE5554-FP/navphy_ws/build/target_tracking/build/lib/target_tracking
[6.369s] running install
[6.375s] running install_lib
[6.383s] copying /home/group4/Documents/EECE5554-FP/navphy_ws/build/target_tracking/build/lib/target_tracking/target_pos.py -> /home/group4/Documents/EECE5554-FP/navphy_ws/install/target_tracking/lib/python3.10/site-packages/target_tracking
[6.384s] byte-compiling /home/group4/Documents/EECE5554-FP/navphy_ws/install/target_tracking/lib/python3.10/site-packages/target_tracking/target_pos.py to target_pos.cpython-310.pyc
[6.397s] running install_data
[6.398s] running install_egg_info
[6.419s] removing '/home/group4/Documents/EECE5554-FP/navphy_ws/install/target_tracking/lib/python3.10/site-packages/target_tracking-0.0.0-py3.10.egg-info' (and everything under it)
[6.420s] Copying ../build/target_tracking/target_tracking.egg-info to /home/group4/Documents/EECE5554-FP/navphy_ws/install/target_tracking/lib/python3.10/site-packages/target_tracking-0.0.0-py3.10.egg-info
[6.425s] running install_scripts
[6.543s] Installing target_pos script to /home/group4/Documents/EECE5554-FP/navphy_ws/install/target_tracking/lib/target_tracking
[6.548s] writing list of installed files to '/home/group4/Documents/EECE5554-FP/navphy_ws/build/target_tracking/install.log'
[6.784s] Invoked command in '/home/group4/Documents/EECE5554-FP/navphy_ws/target_tracking' returned '0': PYTHONPATH=/home/group4/Documents/EECE5554-FP/navphy_ws/build/target_tracking/prefix_override:/usr/lib/python3/dist-packages/colcon_core/task/python/colcon_distutils_commands:/home/group4/Documents/EECE5554-FP/navphy_ws/install/target_tracking/lib/python3.10/site-packages:${PYTHONPATH} /usr/bin/python3 -W ignore:setup.py install is deprecated -W ignore:easy_install command is deprecated setup.py egg_info --egg-base ../build/target_tracking build --build-base /home/group4/Documents/EECE5554-FP/navphy_ws/build/target_tracking/build install --record /home/group4/Documents/EECE5554-FP/navphy_ws/build/target_tracking/install.log --single-version-externally-managed install_data
