[0.165s] Invoking command in '/home/group4/Documents/EECE5554-FP/navphy_ws/build/basic_mobile_robot': CMAKE_PREFIX_PATH=${CMAKE_PREFIX_PATH}:/home/group4/Documents/turtlebot3_ws/install/turtlebot3_teleop:/home/group4/Documents/turtlebot3_ws/install/turtlebot3_example:/home/group4/Documents/EECE5554-FP/navphy_ws/install/target_tracking:/home/group4/Documents/EECE5554-FP/navphy_ws/install/navigation:/opt/ros/humble /usr/bin/cmake --build /home/group4/Documents/EECE5554-FP/navphy_ws/build/basic_mobile_robot -- -j4 -l4
[1.559s] [100%] Built target lidar_odometry_node
[2.915s] Invoked command in '/home/group4/Documents/EECE5554-FP/navphy_ws/build/basic_mobile_robot' returned '0': CMAKE_PREFIX_PATH=${CMAKE_PREFIX_PATH}:/home/group4/Documents/turtlebot3_ws/install/turtlebot3_teleop:/home/group4/Documents/turtlebot3_ws/install/turtlebot3_example:/home/group4/Documents/EECE5554-FP/navphy_ws/install/target_tracking:/home/group4/Documents/EECE5554-FP/navphy_ws/install/navigation:/opt/ros/humble /usr/bin/cmake --build /home/group4/Documents/EECE5554-FP/navphy_ws/build/basic_mobile_robot -- -j4 -l4
[2.965s] Invoking command in '/home/group4/Documents/EECE5554-FP/navphy_ws/build/basic_mobile_robot': CMAKE_PREFIX_PATH=${CMAKE_PREFIX_PATH}:/home/group4/Documents/turtlebot3_ws/install/turtlebot3_teleop:/home/group4/Documents/turtlebot3_ws/install/turtlebot3_example:/home/group4/Documents/EECE5554-FP/navphy_ws/install/target_tracking:/home/group4/Documents/EECE5554-FP/navphy_ws/install/navigation:/opt/ros/humble /usr/bin/cmake --install /home/group4/Documents/EECE5554-FP/navphy_ws/build/basic_mobile_robot
[2.993s] -- Install configuration: ""
[2.996s] -- Up-to-date: /home/group4/Documents/EECE5554-FP/navphy_ws/install/basic_mobile_robot/share/basic_mobile_robot/behavior_trees
[2.997s] -- Up-to-date: /home/group4/Documents/EECE5554-FP/navphy_ws/install/basic_mobile_robot/share/basic_mobile_robot/behavior_trees/navigate_to_pose_with_updates.xml
[2.998s] -- Up-to-date: /home/group4/Documents/EECE5554-FP/navphy_ws/install/basic_mobile_robot/share/basic_mobile_robot/behavior_trees/navigate_to_pose_w_replanning_and_recovery.xml
[3.003s] -- Up-to-date: /home/group4/Documents/EECE5554-FP/navphy_ws/install/basic_mobile_robot/share/basic_mobile_robot/config
[3.003s] -- Up-to-date: /home/group4/Documents/EECE5554-FP/navphy_ws/install/basic_mobile_robot/share/basic_mobile_robot/config/ekf.yaml
[3.004s] -- Up-to-date: /home/group4/Documents/EECE5554-FP/navphy_ws/install/basic_mobile_robot/share/basic_mobile_robot/config/nav2_params.yaml
[3.006s] -- Up-to-date: /home/group4/Documents/EECE5554-FP/navphy_ws/install/basic_mobile_robot/share/basic_mobile_robot/config/doslam.yaml
[3.007s] -- Up-to-date: /home/group4/Documents/EECE5554-FP/navphy_ws/install/basic_mobile_robot/share/basic_mobile_robot/include
[3.010s] -- Up-to-date: /home/group4/Documents/EECE5554-FP/navphy_ws/install/basic_mobile_robot/share/basic_mobile_robot/include/lidar_odometry
[3.024s] -- Up-to-date: /home/group4/Documents/EECE5554-FP/navphy_ws/install/basic_mobile_robot/share/basic_mobile_robot/include/lidar_odometry/utils.hpp
[3.039s] -- Up-to-date: /home/group4/Documents/EECE5554-FP/navphy_ws/install/basic_mobile_robot/share/basic_mobile_robot/include/lidar_odometry/lidar_odometry.hpp
[3.045s] -- Up-to-date: /home/group4/Documents/EECE5554-FP/navphy_ws/install/basic_mobile_robot/share/basic_mobile_robot/launch
[3.050s] -- Up-to-date: /home/group4/Documents/EECE5554-FP/navphy_ws/install/basic_mobile_robot/share/basic_mobile_robot/launch/urdf_visualizer.launch.py
[3.073s] -- Up-to-date: /home/group4/Documents/EECE5554-FP/navphy_ws/install/basic_mobile_robot/share/basic_mobile_robot/launch/target_tracking.launch.py
[3.074s] -- Up-to-date: /home/group4/Documents/EECE5554-FP/navphy_ws/install/basic_mobile_robot/share/basic_mobile_robot/launch/slam.launch.py
[3.074s] -- Up-to-date: /home/group4/Documents/EECE5554-FP/navphy_ws/install/basic_mobile_robot/share/basic_mobile_robot/launch/rplidar.launch.py
[3.075s] -- Up-to-date: /home/group4/Documents/EECE5554-FP/navphy_ws/install/basic_mobile_robot/share/basic_mobile_robot/launch/nav_physical.launch.py
[3.075s] -- Up-to-date: /home/group4/Documents/EECE5554-FP/navphy_ws/install/basic_mobile_robot/share/basic_mobile_robot/launch/teleop.launch.py
[3.076s] -- Up-to-date: /home/group4/Documents/EECE5554-FP/navphy_ws/install/basic_mobile_robot/share/basic_mobile_robot/maps
[3.076s] -- Up-to-date: /home/group4/Documents/EECE5554-FP/navphy_ws/install/basic_mobile_robot/share/basic_mobile_robot/maps/slam_map.pgm
[3.076s] -- Up-to-date: /home/group4/Documents/EECE5554-FP/navphy_ws/install/basic_mobile_robot/share/basic_mobile_robot/maps/slam_map.yaml
[3.083s] -- Up-to-date: /home/group4/Documents/EECE5554-FP/navphy_ws/install/basic_mobile_robot/share/basic_mobile_robot/models
[3.087s] -- Up-to-date: /home/group4/Documents/EECE5554-FP/navphy_ws/install/basic_mobile_robot/share/basic_mobile_robot/models/common_properties.urdf
[3.090s] -- Up-to-date: /home/group4/Documents/EECE5554-FP/navphy_ws/install/basic_mobile_robot/share/basic_mobile_robot/models/turtlebot_burger.urdf
[3.094s] -- Up-to-date: /home/group4/Documents/EECE5554-FP/navphy_ws/install/basic_mobile_robot/share/basic_mobile_robot/meshes
[3.098s] -- Up-to-date: /home/group4/Documents/EECE5554-FP/navphy_ws/install/basic_mobile_robot/share/basic_mobile_robot/meshes/sensors
[3.100s] -- Up-to-date: /home/group4/Documents/EECE5554-FP/navphy_ws/install/basic_mobile_robot/share/basic_mobile_robot/meshes/sensors/astra.jpg
[3.103s] -- Up-to-date: /home/group4/Documents/EECE5554-FP/navphy_ws/install/basic_mobile_robot/share/basic_mobile_robot/meshes/sensors/r200.dae
[3.106s] -- Up-to-date: /home/group4/Documents/EECE5554-FP/navphy_ws/install/basic_mobile_robot/share/basic_mobile_robot/meshes/sensors/astra.dae
[3.108s] -- Up-to-date: /home/group4/Documents/EECE5554-FP/navphy_ws/install/basic_mobile_robot/share/basic_mobile_robot/meshes/sensors/r200.jpg
[3.114s] -- Up-to-date: /home/group4/Documents/EECE5554-FP/navphy_ws/install/basic_mobile_robot/share/basic_mobile_robot/meshes/sensors/lds.stl
[3.119s] -- Up-to-date: /home/group4/Documents/EECE5554-FP/navphy_ws/install/basic_mobile_robot/share/basic_mobile_robot/meshes/bases
[3.125s] -- Up-to-date: /home/group4/Documents/EECE5554-FP/navphy_ws/install/basic_mobile_robot/share/basic_mobile_robot/meshes/bases/waffle_base.stl
[3.134s] -- Up-to-date: /home/group4/Documents/EECE5554-FP/navphy_ws/install/basic_mobile_robot/share/basic_mobile_robot/meshes/bases/waffle_pi_base.stl
[3.140s] -- Up-to-date: /home/group4/Documents/EECE5554-FP/navphy_ws/install/basic_mobile_robot/share/basic_mobile_robot/meshes/bases/waffle_pi_base_for_open_manipulator.stl
[3.143s] -- Up-to-date: /home/group4/Documents/EECE5554-FP/navphy_ws/install/basic_mobile_robot/share/basic_mobile_robot/meshes/bases/waffle_base_for_open_manipulator.stl
[3.144s] -- Up-to-date: /home/group4/Documents/EECE5554-FP/navphy_ws/install/basic_mobile_robot/share/basic_mobile_robot/meshes/bases/burger_base.stl
[3.145s] -- Up-to-date: /home/group4/Documents/EECE5554-FP/navphy_ws/install/basic_mobile_robot/share/basic_mobile_robot/meshes/wheels
[3.145s] -- Up-to-date: /home/group4/Documents/EECE5554-FP/navphy_ws/install/basic_mobile_robot/share/basic_mobile_robot/meshes/wheels/right_tire.stl
[3.146s] -- Up-to-date: /home/group4/Documents/EECE5554-FP/navphy_ws/install/basic_mobile_robot/share/basic_mobile_robot/meshes/wheels/left_tire.stl
[3.146s] -- Up-to-date: /home/group4/Documents/EECE5554-FP/navphy_ws/install/basic_mobile_robot/share/basic_mobile_robot/rviz
[3.147s] -- Up-to-date: /home/group4/Documents/EECE5554-FP/navphy_ws/install/basic_mobile_robot/share/basic_mobile_robot/rviz/urdf_config.rviz
[3.147s] -- Up-to-date: /home/group4/Documents/EECE5554-FP/navphy_ws/install/basic_mobile_robot/share/basic_mobile_robot/rviz/slam.rviz
[3.148s] -- Up-to-date: /home/group4/Documents/EECE5554-FP/navphy_ws/install/basic_mobile_robot/share/basic_mobile_robot/rviz/turtlebot.rviz
[3.148s] -- Up-to-date: /home/group4/Documents/EECE5554-FP/navphy_ws/install/basic_mobile_robot/share/basic_mobile_robot/rviz/teleop.rviz
[3.148s] -- Up-to-date: /home/group4/Documents/EECE5554-FP/navphy_ws/install/basic_mobile_robot/share/basic_mobile_robot/rviz/test.rviz
[3.149s] -- Up-to-date: /home/group4/Documents/EECE5554-FP/navphy_ws/install/basic_mobile_robot/share/basic_mobile_robot/src
[3.149s] -- Up-to-date: /home/group4/Documents/EECE5554-FP/navphy_ws/install/basic_mobile_robot/share/basic_mobile_robot/src/lidar_odometry.cpp
[3.150s] -- Up-to-date: /home/group4/Documents/EECE5554-FP/navphy_ws/install/basic_mobile_robot/share/basic_mobile_robot/src/lidar_odometry_node.cpp
[3.150s] -- Up-to-date: /home/group4/Documents/EECE5554-FP/navphy_ws/install/basic_mobile_robot/lib/basic_mobile_robot/lidar_odometry_node
[3.151s] -- Up-to-date: /home/group4/Documents/EECE5554-FP/navphy_ws/install/basic_mobile_robot/share/ament_index/resource_index/package_run_dependencies/basic_mobile_robot
[3.151s] -- Up-to-date: /home/group4/Documents/EECE5554-FP/navphy_ws/install/basic_mobile_robot/share/ament_index/resource_index/parent_prefix_path/basic_mobile_robot
[3.152s] -- Up-to-date: /home/group4/Documents/EECE5554-FP/navphy_ws/install/basic_mobile_robot/share/basic_mobile_robot/environment/ament_prefix_path.sh
[3.153s] -- Up-to-date: /home/group4/Documents/EECE5554-FP/navphy_ws/install/basic_mobile_robot/share/basic_mobile_robot/environment/ament_prefix_path.dsv
[3.167s] -- Up-to-date: /home/group4/Documents/EECE5554-FP/navphy_ws/install/basic_mobile_robot/share/basic_mobile_robot/environment/path.sh
[3.167s] -- Up-to-date: /home/group4/Documents/EECE5554-FP/navphy_ws/install/basic_mobile_robot/share/basic_mobile_robot/environment/path.dsv
[3.168s] -- Up-to-date: /home/group4/Documents/EECE5554-FP/navphy_ws/install/basic_mobile_robot/share/basic_mobile_robot/local_setup.bash
[3.169s] -- Up-to-date: /home/group4/Documents/EECE5554-FP/navphy_ws/install/basic_mobile_robot/share/basic_mobile_robot/local_setup.sh
[3.169s] -- Up-to-date: /home/group4/Documents/EECE5554-FP/navphy_ws/install/basic_mobile_robot/share/basic_mobile_robot/local_setup.zsh
[3.170s] -- Up-to-date: /home/group4/Documents/EECE5554-FP/navphy_ws/install/basic_mobile_robot/share/basic_mobile_robot/local_setup.dsv
[3.170s] -- Installing: /home/group4/Documents/EECE5554-FP/navphy_ws/install/basic_mobile_robot/share/basic_mobile_robot/package.dsv
[3.171s] -- Up-to-date: /home/group4/Documents/EECE5554-FP/navphy_ws/install/basic_mobile_robot/share/ament_index/resource_index/packages/basic_mobile_robot
[3.171s] -- Up-to-date: /home/group4/Documents/EECE5554-FP/navphy_ws/install/basic_mobile_robot/share/basic_mobile_robot/cmake/basic_mobile_robotConfig.cmake
[3.172s] -- Up-to-date: /home/group4/Documents/EECE5554-FP/navphy_ws/install/basic_mobile_robot/share/basic_mobile_robot/cmake/basic_mobile_robotConfig-version.cmake
[3.173s] -- Up-to-date: /home/group4/Documents/EECE5554-FP/navphy_ws/install/basic_mobile_robot/share/basic_mobile_robot/package.xml
[3.174s] Invoked command in '/home/group4/Documents/EECE5554-FP/navphy_ws/build/basic_mobile_robot' returned '0': CMAKE_PREFIX_PATH=${CMAKE_PREFIX_PATH}:/home/group4/Documents/turtlebot3_ws/install/turtlebot3_teleop:/home/group4/Documents/turtlebot3_ws/install/turtlebot3_example:/home/group4/Documents/EECE5554-FP/navphy_ws/install/target_tracking:/home/group4/Documents/EECE5554-FP/navphy_ws/install/navigation:/opt/ros/humble /usr/bin/cmake --install /home/group4/Documents/EECE5554-FP/navphy_ws/build/basic_mobile_robot
