-- Install configuration: ""
-- Up-to-date: /home/arjun-laptop/Documents/EECE5554-FP/navsim_ws/install/sim_bot/share/sim_bot/config
-- Up-to-date: /home/arjun-laptop/Documents/EECE5554-FP/navsim_ws/install/sim_bot/share/sim_bot/config/ekf.yaml
-- Up-to-date: /home/arjun-laptop/Documents/EECE5554-FP/navsim_ws/install/sim_bot/share/sim_bot/config/ekf2.yaml
-- Up-to-date: /home/arjun-laptop/Documents/EECE5554-FP/navsim_ws/install/sim_bot/share/sim_bot/config/doslam.yaml
-- Up-to-date: /home/arjun-laptop/Documents/EECE5554-FP/navsim_ws/install/sim_bot/share/sim_bot/launch
-- Up-to-date: /home/arjun-laptop/Documents/EECE5554-FP/navsim_ws/install/sim_bot/share/sim_bot/launch/sensor_fusion_odom.launch.py
-- Up-to-date: /home/arjun-laptop/Documents/EECE5554-FP/navsim_ws/install/sim_bot/share/sim_bot/launch/urdf_visualizer.launch.py
-- Up-to-date: /home/arjun-laptop/Documents/EECE5554-FP/navsim_ws/install/sim_bot/share/sim_bot/launch/nav_simulated.launch.py
-- Up-to-date: /home/arjun-laptop/Documents/EECE5554-FP/navsim_ws/install/sim_bot/share/sim_bot/launch/gazebo_simulator.launch.py
-- Up-to-date: /home/arjun-laptop/Documents/EECE5554-FP/navsim_ws/install/sim_bot/share/sim_bot/launch/lidar_config.launch.py
-- Up-to-date: /home/arjun-laptop/Documents/EECE5554-FP/navsim_ws/install/sim_bot/share/sim_bot/meshes
-- Up-to-date: /home/arjun-laptop/Documents/EECE5554-FP/navsim_ws/install/sim_bot/share/sim_bot/meshes/sensors
-- Up-to-date: /home/arjun-laptop/Documents/EECE5554-FP/navsim_ws/install/sim_bot/share/sim_bot/meshes/sensors/lds.stl
-- Up-to-date: /home/arjun-laptop/Documents/EECE5554-FP/navsim_ws/install/sim_bot/share/sim_bot/meshes/sensors/r200.dae
-- Up-to-date: /home/arjun-laptop/Documents/EECE5554-FP/navsim_ws/install/sim_bot/share/sim_bot/meshes/sensors/astra.dae
-- Up-to-date: /home/arjun-laptop/Documents/EECE5554-FP/navsim_ws/install/sim_bot/share/sim_bot/meshes/sensors/r200.jpg
-- Up-to-date: /home/arjun-laptop/Documents/EECE5554-FP/navsim_ws/install/sim_bot/share/sim_bot/meshes/sensors/astra.jpg
-- Up-to-date: /home/arjun-laptop/Documents/EECE5554-FP/navsim_ws/install/sim_bot/share/sim_bot/meshes/wheels
-- Up-to-date: /home/arjun-laptop/Documents/EECE5554-FP/navsim_ws/install/sim_bot/share/sim_bot/meshes/wheels/right_tire.stl
-- Up-to-date: /home/arjun-laptop/Documents/EECE5554-FP/navsim_ws/install/sim_bot/share/sim_bot/meshes/wheels/left_tire.stl
-- Up-to-date: /home/arjun-laptop/Documents/EECE5554-FP/navsim_ws/install/sim_bot/share/sim_bot/meshes/bases
-- Up-to-date: /home/arjun-laptop/Documents/EECE5554-FP/navsim_ws/install/sim_bot/share/sim_bot/meshes/bases/waffle_base.stl
-- Up-to-date: /home/arjun-laptop/Documents/EECE5554-FP/navsim_ws/install/sim_bot/share/sim_bot/meshes/bases/waffle_pi_base.stl
-- Up-to-date: /home/arjun-laptop/Documents/EECE5554-FP/navsim_ws/install/sim_bot/share/sim_bot/meshes/bases/waffle_base_for_open_manipulator.stl
-- Up-to-date: /home/arjun-laptop/Documents/EECE5554-FP/navsim_ws/install/sim_bot/share/sim_bot/meshes/bases/burger_base.stl
-- Up-to-date: /home/arjun-laptop/Documents/EECE5554-FP/navsim_ws/install/sim_bot/share/sim_bot/meshes/bases/waffle_pi_base_for_open_manipulator.stl
-- Up-to-date: /home/arjun-laptop/Documents/EECE5554-FP/navsim_ws/install/sim_bot/share/sim_bot/maps
-- Up-to-date: /home/arjun-laptop/Documents/EECE5554-FP/navsim_ws/install/sim_bot/share/sim_bot/maps/smalltown_world.pgm
-- Up-to-date: /home/arjun-laptop/Documents/EECE5554-FP/navsim_ws/install/sim_bot/share/sim_bot/maps/smalltown_world.yaml
-- Up-to-date: /home/arjun-laptop/Documents/EECE5554-FP/navsim_ws/install/sim_bot/share/sim_bot/models
-- Up-to-date: /home/arjun-laptop/Documents/EECE5554-FP/navsim_ws/install/sim_bot/share/sim_bot/models/turtlebot_burger.urdf
-- Up-to-date: /home/arjun-laptop/Documents/EECE5554-FP/navsim_ws/install/sim_bot/share/sim_bot/models/common_properties.urdf
-- Up-to-date: /home/arjun-laptop/Documents/EECE5554-FP/navsim_ws/install/sim_bot/share/sim_bot/models/basic_mobile_bot_description
-- Up-to-date: /home/arjun-laptop/Documents/EECE5554-FP/navsim_ws/install/sim_bot/share/sim_bot/models/basic_mobile_bot_description/model.sdf:Zone.Identifier
-- Up-to-date: /home/arjun-laptop/Documents/EECE5554-FP/navsim_ws/install/sim_bot/share/sim_bot/models/basic_mobile_bot_description/model.sdf
-- Up-to-date: /home/arjun-laptop/Documents/EECE5554-FP/navsim_ws/install/sim_bot/share/sim_bot/models/basic_mobile_bot_description/model.config
-- Up-to-date: /home/arjun-laptop/Documents/EECE5554-FP/navsim_ws/install/sim_bot/share/sim_bot/params
-- Installing: /home/arjun-laptop/Documents/EECE5554-FP/navsim_ws/install/sim_bot/share/sim_bot/params/nav2_params.yaml
-- Up-to-date: /home/arjun-laptop/Documents/EECE5554-FP/navsim_ws/install/sim_bot/share/sim_bot/rviz
-- Up-to-date: /home/arjun-laptop/Documents/EECE5554-FP/navsim_ws/install/sim_bot/share/sim_bot/rviz/urdf_config.rviz
-- Up-to-date: /home/arjun-laptop/Documents/EECE5554-FP/navsim_ws/install/sim_bot/share/sim_bot/rviz/nav2_config.rviz
-- Up-to-date: /home/arjun-laptop/Documents/EECE5554-FP/navsim_ws/install/sim_bot/share/sim_bot/worlds
-- Up-to-date: /home/arjun-laptop/Documents/EECE5554-FP/navsim_ws/install/sim_bot/share/sim_bot/worlds/basic_mobile_bot_world
-- Up-to-date: /home/arjun-laptop/Documents/EECE5554-FP/navsim_ws/install/sim_bot/share/sim_bot/worlds/basic_mobile_bot_world/empty.world
-- Up-to-date: /home/arjun-laptop/Documents/EECE5554-FP/navsim_ws/install/sim_bot/share/sim_bot/worlds/basic_mobile_bot_world/smalltown.world
-- Up-to-date: /home/arjun-laptop/Documents/EECE5554-FP/navsim_ws/install/sim_bot/share/ament_index/resource_index/package_run_dependencies/sim_bot
-- Up-to-date: /home/arjun-laptop/Documents/EECE5554-FP/navsim_ws/install/sim_bot/share/ament_index/resource_index/parent_prefix_path/sim_bot
-- Up-to-date: /home/arjun-laptop/Documents/EECE5554-FP/navsim_ws/install/sim_bot/share/sim_bot/environment/ament_prefix_path.sh
-- Up-to-date: /home/arjun-laptop/Documents/EECE5554-FP/navsim_ws/install/sim_bot/share/sim_bot/environment/ament_prefix_path.dsv
-- Up-to-date: /home/arjun-laptop/Documents/EECE5554-FP/navsim_ws/install/sim_bot/share/sim_bot/environment/path.sh
-- Up-to-date: /home/arjun-laptop/Documents/EECE5554-FP/navsim_ws/install/sim_bot/share/sim_bot/environment/path.dsv
-- Up-to-date: /home/arjun-laptop/Documents/EECE5554-FP/navsim_ws/install/sim_bot/share/sim_bot/local_setup.bash
-- Up-to-date: /home/arjun-laptop/Documents/EECE5554-FP/navsim_ws/install/sim_bot/share/sim_bot/local_setup.sh
-- Up-to-date: /home/arjun-laptop/Documents/EECE5554-FP/navsim_ws/install/sim_bot/share/sim_bot/local_setup.zsh
-- Up-to-date: /home/arjun-laptop/Documents/EECE5554-FP/navsim_ws/install/sim_bot/share/sim_bot/local_setup.dsv
-- Installing: /home/arjun-laptop/Documents/EECE5554-FP/navsim_ws/install/sim_bot/share/sim_bot/package.dsv
-- Up-to-date: /home/arjun-laptop/Documents/EECE5554-FP/navsim_ws/install/sim_bot/share/ament_index/resource_index/packages/sim_bot
-- Up-to-date: /home/arjun-laptop/Documents/EECE5554-FP/navsim_ws/install/sim_bot/share/sim_bot/cmake/sim_botConfig.cmake
-- Up-to-date: /home/arjun-laptop/Documents/EECE5554-FP/navsim_ws/install/sim_bot/share/sim_bot/cmake/sim_botConfig-version.cmake
-- Up-to-date: /home/arjun-laptop/Documents/EECE5554-FP/navsim_ws/install/sim_bot/share/sim_bot/package.xml
