[0.186s] Invoking command in '/home/group4/Documents/EECE5554-FP/navphy_ws/build/basic_mobile_robot': CMAKE_PREFIX_PATH=${CMAKE_PREFIX_PATH}:/home/group4/Documents/turtlebot3_ws/install/turtlebot3_teleop:/home/group4/Documents/turtlebot3_ws/install/turtlebot3_example:/home/group4/Documents/EECE5554-FP/navphy_ws/install/target_tracking:/home/group4/Documents/EECE5554-FP/navphy_ws/install/navigation:/opt/ros/humble /usr/bin/cmake --build /home/group4/Documents/EECE5554-FP/navphy_ws/build/basic_mobile_robot -- -j4 -l4
[1.725s] [100%] Built target lidar_odometry_node
[3.066s] Invoked command in '/home/group4/Documents/EECE5554-FP/navphy_ws/build/basic_mobile_robot' returned '0': CMAKE_PREFIX_PATH=${CMAKE_PREFIX_PATH}:/home/group4/Documents/turtlebot3_ws/install/turtlebot3_teleop:/home/group4/Documents/turtlebot3_ws/install/turtlebot3_example:/home/group4/Documents/EECE5554-FP/navphy_ws/install/target_tracking:/home/group4/Documents/EECE5554-FP/navphy_ws/install/navigation:/opt/ros/humble /usr/bin/cmake --build /home/group4/Documents/EECE5554-FP/navphy_ws/build/basic_mobile_robot -- -j4 -l4
[3.111s] Invoking command in '/home/group4/Documents/EECE5554-FP/navphy_ws/build/basic_mobile_robot': CMAKE_PREFIX_PATH=${CMAKE_PREFIX_PATH}:/home/group4/Documents/turtlebot3_ws/install/turtlebot3_teleop:/home/group4/Documents/turtlebot3_ws/install/turtlebot3_example:/home/group4/Documents/EECE5554-FP/navphy_ws/install/target_tracking:/home/group4/Documents/EECE5554-FP/navphy_ws/install/navigation:/opt/ros/humble /usr/bin/cmake --install /home/group4/Documents/EECE5554-FP/navphy_ws/build/basic_mobile_robot
[3.148s] -- Install configuration: ""
[3.154s] -- Up-to-date: /home/group4/Documents/EECE5554-FP/navphy_ws/install/basic_mobile_robot/share/basic_mobile_robot/behavior_trees
[3.156s] -- Up-to-date: /home/group4/Documents/EECE5554-FP/navphy_ws/install/basic_mobile_robot/share/basic_mobile_robot/behavior_trees/navigate_to_pose_with_updates.xml
[3.157s] -- Up-to-date: /home/group4/Documents/EECE5554-FP/navphy_ws/install/basic_mobile_robot/share/basic_mobile_robot/behavior_trees/navigate_to_pose_w_replanning_and_recovery.xml
[3.158s] -- Up-to-date: /home/group4/Documents/EECE5554-FP/navphy_ws/install/basic_mobile_robot/share/basic_mobile_robot/config
[3.159s] -- Up-to-date: /home/group4/Documents/EECE5554-FP/navphy_ws/install/basic_mobile_robot/share/basic_mobile_robot/config/ekf.yaml
[3.161s] -- Up-to-date: /home/group4/Documents/EECE5554-FP/navphy_ws/install/basic_mobile_robot/share/basic_mobile_robot/config/nav2_params.yaml
[3.173s] -- Installing: /home/group4/Documents/EECE5554-FP/navphy_ws/install/basic_mobile_robot/share/basic_mobile_robot/config/doslam.yaml
[3.176s] -- Up-to-date: /home/group4/Documents/EECE5554-FP/navphy_ws/install/basic_mobile_robot/share/basic_mobile_robot/include
[3.179s] -- Up-to-date: /home/group4/Documents/EECE5554-FP/navphy_ws/install/basic_mobile_robot/share/basic_mobile_robot/include/lidar_odometry
[3.180s] -- Up-to-date: /home/group4/Documents/EECE5554-FP/navphy_ws/install/basic_mobile_robot/share/basic_mobile_robot/include/lidar_odometry/utils.hpp
[3.180s] -- Up-to-date: /home/group4/Documents/EECE5554-FP/navphy_ws/install/basic_mobile_robot/share/basic_mobile_robot/include/lidar_odometry/lidar_odometry.hpp
[3.181s] -- Up-to-date: /home/group4/Documents/EECE5554-FP/navphy_ws/install/basic_mobile_robot/share/basic_mobile_robot/launch
[3.184s] -- Up-to-date: /home/group4/Documents/EECE5554-FP/navphy_ws/install/basic_mobile_robot/share/basic_mobile_robot/launch/urdf_visualizer.launch.py
[3.184s] -- Up-to-date: /home/group4/Documents/EECE5554-FP/navphy_ws/install/basic_mobile_robot/share/basic_mobile_robot/launch/target_tracking.launch.py
[3.185s] -- Up-to-date: /home/group4/Documents/EECE5554-FP/navphy_ws/install/basic_mobile_robot/share/basic_mobile_robot/launch/slam.launch.py
[3.185s] -- Up-to-date: /home/group4/Documents/EECE5554-FP/navphy_ws/install/basic_mobile_robot/share/basic_mobile_robot/launch/rplidar.launch.py
[3.186s] -- Up-to-date: /home/group4/Documents/EECE5554-FP/navphy_ws/install/basic_mobile_robot/share/basic_mobile_robot/launch/nav_physical.launch.py
[3.187s] -- Up-to-date: /home/group4/Documents/EECE5554-FP/navphy_ws/install/basic_mobile_robot/share/basic_mobile_robot/launch/teleop.launch.py
[3.188s] -- Up-to-date: /home/group4/Documents/EECE5554-FP/navphy_ws/install/basic_mobile_robot/share/basic_mobile_robot/maps
[3.189s] -- Up-to-date: /home/group4/Documents/EECE5554-FP/navphy_ws/install/basic_mobile_robot/share/basic_mobile_robot/maps/slam_map.pgm
[3.194s] -- Up-to-date: /home/group4/Documents/EECE5554-FP/navphy_ws/install/basic_mobile_robot/share/basic_mobile_robot/maps/slam_map.yaml
[3.198s] -- Up-to-date: /home/group4/Documents/EECE5554-FP/navphy_ws/install/basic_mobile_robot/share/basic_mobile_robot/models
[3.199s] -- Up-to-date: /home/group4/Documents/EECE5554-FP/navphy_ws/install/basic_mobile_robot/share/basic_mobile_robot/models/common_properties.urdf
[3.199s] -- Up-to-date: /home/group4/Documents/EECE5554-FP/navphy_ws/install/basic_mobile_robot/share/basic_mobile_robot/models/turtlebot_burger.urdf
[3.200s] -- Up-to-date: /home/group4/Documents/EECE5554-FP/navphy_ws/install/basic_mobile_robot/share/basic_mobile_robot/meshes
[3.201s] -- Up-to-date: /home/group4/Documents/EECE5554-FP/navphy_ws/install/basic_mobile_robot/share/basic_mobile_robot/meshes/sensors
[3.201s] -- Up-to-date: /home/group4/Documents/EECE5554-FP/navphy_ws/install/basic_mobile_robot/share/basic_mobile_robot/meshes/sensors/astra.jpg
[3.201s] -- Up-to-date: /home/group4/Documents/EECE5554-FP/navphy_ws/install/basic_mobile_robot/share/basic_mobile_robot/meshes/sensors/r200.dae
[3.202s] -- Up-to-date: /home/group4/Documents/EECE5554-FP/navphy_ws/install/basic_mobile_robot/share/basic_mobile_robot/meshes/sensors/astra.dae
[3.202s] -- Up-to-date: /home/group4/Documents/EECE5554-FP/navphy_ws/install/basic_mobile_robot/share/basic_mobile_robot/meshes/sensors/r200.jpg
[3.202s] -- Up-to-date: /home/group4/Documents/EECE5554-FP/navphy_ws/install/basic_mobile_robot/share/basic_mobile_robot/meshes/sensors/lds.stl
[3.203s] -- Up-to-date: /home/group4/Documents/EECE5554-FP/navphy_ws/install/basic_mobile_robot/share/basic_mobile_robot/meshes/bases
[3.203s] -- Up-to-date: /home/group4/Documents/EECE5554-FP/navphy_ws/install/basic_mobile_robot/share/basic_mobile_robot/meshes/bases/waffle_base.stl
[3.203s] -- Up-to-date: /home/group4/Documents/EECE5554-FP/navphy_ws/install/basic_mobile_robot/share/basic_mobile_robot/meshes/bases/waffle_pi_base.stl
[3.204s] -- Up-to-date: /home/group4/Documents/EECE5554-FP/navphy_ws/install/basic_mobile_robot/share/basic_mobile_robot/meshes/bases/waffle_pi_base_for_open_manipulator.stl
[3.204s] -- Up-to-date: /home/group4/Documents/EECE5554-FP/navphy_ws/install/basic_mobile_robot/share/basic_mobile_robot/meshes/bases/waffle_base_for_open_manipulator.stl
[3.204s] -- Up-to-date: /home/group4/Documents/EECE5554-FP/navphy_ws/install/basic_mobile_robot/share/basic_mobile_robot/meshes/bases/burger_base.stl
[3.205s] -- Up-to-date: /home/group4/Documents/EECE5554-FP/navphy_ws/install/basic_mobile_robot/share/basic_mobile_robot/meshes/wheels
[3.205s] -- Up-to-date: /home/group4/Documents/EECE5554-FP/navphy_ws/install/basic_mobile_robot/share/basic_mobile_robot/meshes/wheels/right_tire.stl
[3.205s] -- Up-to-date: /home/group4/Documents/EECE5554-FP/navphy_ws/install/basic_mobile_robot/share/basic_mobile_robot/meshes/wheels/left_tire.stl
[3.206s] -- Up-to-date: /home/group4/Documents/EECE5554-FP/navphy_ws/install/basic_mobile_robot/share/basic_mobile_robot/rviz
[3.206s] -- Up-to-date: /home/group4/Documents/EECE5554-FP/navphy_ws/install/basic_mobile_robot/share/basic_mobile_robot/rviz/urdf_config.rviz
[3.206s] -- Up-to-date: /home/group4/Documents/EECE5554-FP/navphy_ws/install/basic_mobile_robot/share/basic_mobile_robot/rviz/slam.rviz
[3.206s] -- Up-to-date: /home/group4/Documents/EECE5554-FP/navphy_ws/install/basic_mobile_robot/share/basic_mobile_robot/rviz/turtlebot.rviz
[3.207s] -- Up-to-date: /home/group4/Documents/EECE5554-FP/navphy_ws/install/basic_mobile_robot/share/basic_mobile_robot/rviz/teleop.rviz
[3.207s] -- Up-to-date: /home/group4/Documents/EECE5554-FP/navphy_ws/install/basic_mobile_robot/share/basic_mobile_robot/rviz/test.rviz
[3.208s] -- Up-to-date: /home/group4/Documents/EECE5554-FP/navphy_ws/install/basic_mobile_robot/share/basic_mobile_robot/src
[3.212s] -- Up-to-date: /home/group4/Documents/EECE5554-FP/navphy_ws/install/basic_mobile_robot/share/basic_mobile_robot/src/lidar_odometry.cpp
[3.213s] -- Up-to-date: /home/group4/Documents/EECE5554-FP/navphy_ws/install/basic_mobile_robot/share/basic_mobile_robot/src/lidar_odometry_node.cpp
[3.214s] -- Up-to-date: /home/group4/Documents/EECE5554-FP/navphy_ws/install/basic_mobile_robot/lib/basic_mobile_robot/lidar_odometry_node
[3.215s] -- Up-to-date: /home/group4/Documents/EECE5554-FP/navphy_ws/install/basic_mobile_robot/share/ament_index/resource_index/package_run_dependencies/basic_mobile_robot
[3.216s] -- Up-to-date: /home/group4/Documents/EECE5554-FP/navphy_ws/install/basic_mobile_robot/share/ament_index/resource_index/parent_prefix_path/basic_mobile_robot
[3.216s] -- Up-to-date: /home/group4/Documents/EECE5554-FP/navphy_ws/install/basic_mobile_robot/share/basic_mobile_robot/environment/ament_prefix_path.sh
[3.217s] -- Up-to-date: /home/group4/Documents/EECE5554-FP/navphy_ws/install/basic_mobile_robot/share/basic_mobile_robot/environment/ament_prefix_path.dsv
[3.217s] -- Up-to-date: /home/group4/Documents/EECE5554-FP/navphy_ws/install/basic_mobile_robot/share/basic_mobile_robot/environment/path.sh
[3.218s] -- Up-to-date: /home/group4/Documents/EECE5554-FP/navphy_ws/install/basic_mobile_robot/share/basic_mobile_robot/environment/path.dsv
[3.218s] -- Up-to-date: /home/group4/Documents/EECE5554-FP/navphy_ws/install/basic_mobile_robot/share/basic_mobile_robot/local_setup.bash
[3.219s] -- Up-to-date: /home/group4/Documents/EECE5554-FP/navphy_ws/install/basic_mobile_robot/share/basic_mobile_robot/local_setup.sh
[3.220s] -- Up-to-date: /home/group4/Documents/EECE5554-FP/navphy_ws/install/basic_mobile_robot/share/basic_mobile_robot/local_setup.zsh
[3.221s] -- Up-to-date: /home/group4/Documents/EECE5554-FP/navphy_ws/install/basic_mobile_robot/share/basic_mobile_robot/local_setup.dsv
[3.222s] -- Installing: /home/group4/Documents/EECE5554-FP/navphy_ws/install/basic_mobile_robot/share/basic_mobile_robot/package.dsv
[3.226s] -- Up-to-date: /home/group4/Documents/EECE5554-FP/navphy_ws/install/basic_mobile_robot/share/ament_index/resource_index/packages/basic_mobile_robot
[3.227s] -- Up-to-date: /home/group4/Documents/EECE5554-FP/navphy_ws/install/basic_mobile_robot/share/basic_mobile_robot/cmake/basic_mobile_robotConfig.cmake
[3.227s] -- Up-to-date: /home/group4/Documents/EECE5554-FP/navphy_ws/install/basic_mobile_robot/share/basic_mobile_robot/cmake/basic_mobile_robotConfig-version.cmake
[3.228s] -- Up-to-date: /home/group4/Documents/EECE5554-FP/navphy_ws/install/basic_mobile_robot/share/basic_mobile_robot/package.xml
[3.229s] Invoked command in '/home/group4/Documents/EECE5554-FP/navphy_ws/build/basic_mobile_robot' returned '0': CMAKE_PREFIX_PATH=${CMAKE_PREFIX_PATH}:/home/group4/Documents/turtlebot3_ws/install/turtlebot3_teleop:/home/group4/Documents/turtlebot3_ws/install/turtlebot3_example:/home/group4/Documents/EECE5554-FP/navphy_ws/install/target_tracking:/home/group4/Documents/EECE5554-FP/navphy_ws/install/navigation:/opt/ros/humble /usr/bin/cmake --install /home/group4/Documents/EECE5554-FP/navphy_ws/build/basic_mobile_robot
