[0.008s] Invoking command in '/home/arjun-laptop/Documents/EECE5554-FP/navsim_ws/build/sim_bot': CMAKE_PREFIX_PATH=${CMAKE_PREFIX_PATH}:/opt/ros/humble /usr/bin/cmake /home/arjun-laptop/Documents/EECE5554-FP/navsim_ws/sim_bot -DCMAKE_INSTALL_PREFIX=/home/arjun-laptop/Documents/EECE5554-FP/navsim_ws/install/sim_bot
[0.050s] -- The C compiler identification is GNU 11.4.0
[0.090s] -- The CXX compiler identification is GNU 11.4.0
[0.094s] -- Detecting C compiler ABI info
[0.147s] -- Detecting C compiler ABI info - done
[0.153s] -- Check for working C compiler: /usr/bin/cc - skipped
[0.153s] -- Detecting C compile features
[0.154s] -- Detecting C compile features - done
[0.156s] -- Detecting CXX compiler ABI info
[0.212s] -- Detecting CXX compiler ABI info - done
[0.217s] -- Check for working CXX compiler: /usr/bin/c++ - skipped
[0.217s] -- Detecting CXX compile features
[0.218s] -- Detecting CXX compile features - done
[0.218s] -- Found ament_cmake: 1.3.11 (/opt/ros/humble/share/ament_cmake/cmake)
[0.314s] -- Found Python3: /usr/bin/python3 (found version "3.10.12") found components: Interpreter 
[0.371s] -- Found rclpy: 3.3.15 (/opt/ros/humble/share/rclpy/cmake)
[0.372s] -- Found rclcpp: 16.0.11 (/opt/ros/humble/share/rclcpp/cmake)
[0.394s] -- Found rosidl_generator_c: 3.1.6 (/opt/ros/humble/share/rosidl_generator_c/cmake)
[0.397s] -- Found rosidl_adapter: 3.1.6 (/opt/ros/humble/share/rosidl_adapter/cmake)
[0.401s] -- Found rosidl_generator_cpp: 3.1.6 (/opt/ros/humble/share/rosidl_generator_cpp/cmake)
[0.407s] -- Using all available rosidl_typesupport_c: rosidl_typesupport_fastrtps_c;rosidl_typesupport_introspection_c
[0.416s] -- Using all available rosidl_typesupport_cpp: rosidl_typesupport_fastrtps_cpp;rosidl_typesupport_introspection_cpp
[0.441s] -- Found rmw_implementation_cmake: 6.1.2 (/opt/ros/humble/share/rmw_implementation_cmake/cmake)
[0.442s] -- Found rmw_fastrtps_cpp: 6.2.7 (/opt/ros/humble/share/rmw_fastrtps_cpp/cmake)
[0.504s] -- Found OpenSSL: /usr/lib/x86_64-linux-gnu/libcrypto.so (found version "3.0.2")  
[0.528s] -- Found FastRTPS: /opt/ros/humble/include  
[0.559s] -- Using RMW implementation 'rmw_fastrtps_cpp' as default
[0.563s] -- Looking for pthread.h
[0.617s] -- Looking for pthread.h - found
[0.617s] -- Performing Test CMAKE_HAVE_LIBC_PTHREAD
[0.667s] -- Performing Test CMAKE_HAVE_LIBC_PTHREAD - Success
[0.668s] -- Found Threads: TRUE  
[0.697s] -- Found geometry_msgs: 4.2.4 (/opt/ros/humble/share/geometry_msgs/cmake)
[0.704s] -- Found nav2_msgs: 1.1.17 (/opt/ros/humble/share/nav2_msgs/cmake)
[0.743s] -- Found sensor_msgs: 4.2.4 (/opt/ros/humble/share/sensor_msgs/cmake)
[0.765s] -- Checking for module 'eigen3'
[0.781s] --   Found eigen3, version 3.4.0
[0.814s] -- Found Eigen: /usr/include/eigen3 (Required is at least version "3.1") 
[0.814s] -- Eigen found (include: /usr/include/eigen3, version: 3.4.0)
[0.827s] -- Found Boost: /usr/lib/x86_64-linux-gnu/cmake/Boost-1.74.0/BoostConfig.cmake (found suitable version "1.74.0", minimum required is "1.65.0") found components: system filesystem date_time iostreams serialization 
[0.837s] -- Checking for module 'flann'
[0.847s] --   Found flann, version 1.9.1
[0.879s] -- Found FLANN: /usr/lib/x86_64-linux-gnu/libflann_cpp.so  
[0.879s] -- FLANN found (include: /usr/include, lib: /usr/lib/x86_64-linux-gnu/libflann_cpp.so)
[0.899s] -- Found GLEW: /usr/lib/x86_64-linux-gnu/libGLEW.so  
[0.902s] -- Found OpenGL: /usr/lib/x86_64-linux-gnu/libOpenGL.so  found components: OpenGL GLX 
[1.011s] -- Found MPI_C: /usr/lib/x86_64-linux-gnu/libmpi.so (found version "3.1") 
[1.011s] -- Found MPI: TRUE (found version "3.1") found components: C 
[1.012s] -- Found JsonCpp: /usr/lib/x86_64-linux-gnu/libjsoncpp.so (found suitable version "1.9.5", minimum required is "0.7.0") 
[1.017s] -- Found ZLIB: /usr/lib/x86_64-linux-gnu/libz.so (found version "1.2.11") 
[1.027s] -- Found PNG: /usr/lib/x86_64-linux-gnu/libpng.so (found version "1.6.37") 
[1.033s] -- Found Eigen3: /usr/include/eigen3 (found version "3.4.0") 
[1.101s] -- Found X11: /usr/include   
[1.101s] -- Looking for XOpenDisplay in /usr/lib/x86_64-linux-gnu/libX11.so;/usr/lib/x86_64-linux-gnu/libXext.so
[1.158s] -- Looking for XOpenDisplay in /usr/lib/x86_64-linux-gnu/libX11.so;/usr/lib/x86_64-linux-gnu/libXext.so - found
[1.158s] -- Looking for gethostbyname
[1.215s] -- Looking for gethostbyname - found
[1.215s] -- Looking for connect
[1.264s] -- Looking for connect - found
[1.265s] -- Looking for remove
[1.315s] -- Looking for remove - found
[1.316s] -- Looking for shmat
[1.366s] -- Looking for shmat - found
[1.366s] -- Looking for IceConnectionNumber in ICE
[1.416s] -- Looking for IceConnectionNumber in ICE - found
[1.481s] -- Found EXPAT: /usr/lib/x86_64-linux-gnu/libexpat.so (found version "2.4.7") 
[1.482s] -- Found double-conversion: /usr/lib/x86_64-linux-gnu/libdouble-conversion.so  
[1.483s] -- Found LZ4: /usr/lib/x86_64-linux-gnu/liblz4.so (found version "1.9.3") 
[1.484s] -- Found LZMA: /usr/lib/x86_64-linux-gnu/liblzma.so (found version "5.2.5") 
[1.491s] -- Found JPEG: /usr/lib/x86_64-linux-gnu/libjpeg.so (found version "80") 
[1.493s] -- Found TIFF: /usr/lib/x86_64-linux-gnu/libtiff.so (found version "4.3.0")  
[1.495s] -- Found Freetype: /usr/lib/x86_64-linux-gnu/libfreetype.so (found version "2.11.1") 
[1.499s] -- Found utf8cpp: /usr/include/utf8cpp  
[1.561s] -- Checking for module 'libusb-1.0'
[1.570s] --   Found libusb-1.0, version 1.0.25
[1.600s] -- Found libusb: /usr/lib/x86_64-linux-gnu/libusb-1.0.so  
[1.601s] -- Found OpenNI: /usr/lib/libOpenNI.so;libusb::libusb (found version "1.5.4.0") 
[1.601s] -- OpenNI found (version: 1.5.4.0, include: /usr/include/ni, lib: /usr/lib/libOpenNI.so;libusb::libusb)
[1.645s] -- Found OpenNI2: /usr/lib/x86_64-linux-gnu/libOpenNI2.so;libusb::libusb (found version "2.2.0.33") 
[1.645s] -- OpenNI2 found (version: 2.2.0.33, include: /usr/include/openni2, lib: /usr/lib/x86_64-linux-gnu/libOpenNI2.so;libusb::libusb)
[1.645s] [0m** WARNING ** io features related to pcap will be disabled[0m
[1.738s] -- Eigen found (include: /usr/include/eigen3, version: 3.4.0)
[1.744s] -- OpenNI found (version: 1.5.4.0, include: /usr/include/ni, lib: /usr/lib/libOpenNI.so;libusb::libusb)
[1.749s] -- OpenNI2 found (version: 2.2.0.33, include: /usr/include/openni2, lib: /usr/lib/x86_64-linux-gnu/libOpenNI2.so;libusb::libusb)
[1.843s] -- Found Qhull version 8.0.2
[1.953s] -- OpenNI found (version: 1.5.4.0, include: /usr/include/ni, lib: /usr/lib/libOpenNI.so;libusb::libusb)
[2.040s] -- looking for PCL_COMMON
[2.041s] -- Found PCL_COMMON: /usr/lib/x86_64-linux-gnu/libpcl_common.so  
[2.041s] -- looking for PCL_KDTREE
[2.042s] -- Found PCL_KDTREE: /usr/lib/x86_64-linux-gnu/libpcl_kdtree.so  
[2.042s] -- looking for PCL_OCTREE
[2.042s] -- Found PCL_OCTREE: /usr/lib/x86_64-linux-gnu/libpcl_octree.so  
[2.042s] -- looking for PCL_SEARCH
[2.042s] -- Found PCL_SEARCH: /usr/lib/x86_64-linux-gnu/libpcl_search.so  
[2.042s] -- looking for PCL_SAMPLE_CONSENSUS
[2.043s] -- Found PCL_SAMPLE_CONSENSUS: /usr/lib/x86_64-linux-gnu/libpcl_sample_consensus.so  
[2.043s] -- looking for PCL_FILTERS
[2.043s] -- Found PCL_FILTERS: /usr/lib/x86_64-linux-gnu/libpcl_filters.so  
[2.043s] -- looking for PCL_2D
[2.043s] -- Found PCL_2D: /usr/include/pcl-1.12  
[2.043s] -- looking for PCL_GEOMETRY
[2.044s] -- Found PCL_GEOMETRY: /usr/include/pcl-1.12  
[2.044s] -- looking for PCL_IO
[2.044s] -- Found PCL_IO: /usr/lib/x86_64-linux-gnu/libpcl_io.so  
[2.044s] -- looking for PCL_FEATURES
[2.044s] -- Found PCL_FEATURES: /usr/lib/x86_64-linux-gnu/libpcl_features.so  
[2.044s] -- looking for PCL_ML
[2.045s] -- Found PCL_ML: /usr/lib/x86_64-linux-gnu/libpcl_ml.so  
[2.045s] -- looking for PCL_SEGMENTATION
[2.045s] -- Found PCL_SEGMENTATION: /usr/lib/x86_64-linux-gnu/libpcl_segmentation.so  
[2.045s] -- looking for PCL_VISUALIZATION
[2.046s] -- Found PCL_VISUALIZATION: /usr/lib/x86_64-linux-gnu/libpcl_visualization.so  
[2.046s] -- looking for PCL_SURFACE
[2.046s] -- Found PCL_SURFACE: /usr/lib/x86_64-linux-gnu/libpcl_surface.so  
[2.046s] -- looking for PCL_REGISTRATION
[2.047s] -- Found PCL_REGISTRATION: /usr/lib/x86_64-linux-gnu/libpcl_registration.so  
[2.047s] -- looking for PCL_KEYPOINTS
[2.047s] -- Found PCL_KEYPOINTS: /usr/lib/x86_64-linux-gnu/libpcl_keypoints.so  
[2.047s] -- looking for PCL_TRACKING
[2.048s] -- Found PCL_TRACKING: /usr/lib/x86_64-linux-gnu/libpcl_tracking.so  
[2.048s] -- looking for PCL_RECOGNITION
[2.048s] -- Found PCL_RECOGNITION: /usr/lib/x86_64-linux-gnu/libpcl_recognition.so  
[2.049s] -- looking for PCL_STEREO
[2.049s] -- Found PCL_STEREO: /usr/lib/x86_64-linux-gnu/libpcl_stereo.so  
[2.049s] -- looking for PCL_APPS
[2.050s] -- Found PCL_APPS: /usr/lib/x86_64-linux-gnu/libpcl_apps.so  
[2.050s] -- looking for PCL_IN_HAND_SCANNER
[2.050s] -- Found PCL_IN_HAND_SCANNER: /usr/include/pcl-1.12  
[2.050s] -- looking for PCL_MODELER
[2.050s] -- Found PCL_MODELER: /usr/include/pcl-1.12  
[2.050s] -- looking for PCL_POINT_CLOUD_EDITOR
[2.050s] -- Found PCL_POINT_CLOUD_EDITOR: /usr/include/pcl-1.12  
[2.050s] -- looking for PCL_OUTOFCORE
[2.051s] -- Found PCL_OUTOFCORE: /usr/lib/x86_64-linux-gnu/libpcl_outofcore.so  
[2.051s] -- looking for PCL_PEOPLE
[2.051s] -- Found PCL_PEOPLE: /usr/lib/x86_64-linux-gnu/libpcl_people.so  
[2.052s] -- Found PCL: pcl_common;pcl_kdtree;pcl_octree;pcl_search;pcl_sample_consensus;pcl_filters;pcl_io;pcl_features;pcl_ml;pcl_segmentation;pcl_visualization;pcl_surface;pcl_registration;pcl_keypoints;pcl_tracking;pcl_recognition;pcl_stereo;pcl_apps;pcl_outofcore;pcl_people;Boost::system;Boost::filesystem;Boost::date_time;Boost::iostreams;Boost::serialization;/usr/lib/libOpenNI.so;libusb::libusb;/usr/lib/x86_64-linux-gnu/libOpenNI2.so;libusb::libusb;VTK::ChartsCore;VTK::CommonColor;VTK::CommonComputationalGeometry;VTK::CommonCore;VTK::CommonDataModel;VTK::CommonExecutionModel;VTK::CommonMath;VTK::CommonMisc;VTK::CommonTransforms;VTK::FiltersCore;VTK::FiltersExtraction;VTK::FiltersGeneral;VTK::FiltersGeometry;VTK::FiltersModeling;VTK::FiltersSources;VTK::ImagingCore;VTK::ImagingSources;VTK::InteractionImage;VTK::InteractionStyle;VTK::InteractionWidgets;VTK::IOCore;VTK::IOGeometry;VTK::IOImage;VTK::IOLegacy;VTK::IOPLY;VTK::RenderingAnnotation;VTK::RenderingCore;VTK::RenderingContext2D;VTK::RenderingLOD;VTK::RenderingFreeType;VTK::ViewsCore;VTK::ViewsContext2D;VTK::RenderingOpenGL2;VTK::GUISupportQt;FLANN::FLANN;QHULL::QHULL  
[2.056s] -- Found laser_geometry: 2.4.0 (/opt/ros/humble/share/laser_geometry/cmake)
[2.066s] -- Found pcl_conversions: 2.4.5 (/opt/ros/humble/share/pcl_conversions/cmake)
[2.083s] -- Found tf2_eigen: 0.25.9 (/opt/ros/humble/share/tf2_eigen/cmake)
[2.121s] -- Found ament_lint_auto: 0.12.11 (/opt/ros/humble/share/ament_lint_auto/cmake)
[2.169s] -- Added test 'flake8' to check Python code syntax and style conventions
[2.169s] -- Added test 'lint_cmake' to check CMake code style
[2.170s] -- Added test 'pep257' to check Python code against some of the docstring style conventions in PEP 257
[2.170s] -- Added test 'xmllint' to check XML markup files
[2.171s] -- Configuring done
[2.175s] -- Generating done
[2.177s] -- Build files have been written to: /home/arjun-laptop/Documents/EECE5554-FP/navsim_ws/build/sim_bot
[2.191s] Invoked command in '/home/arjun-laptop/Documents/EECE5554-FP/navsim_ws/build/sim_bot' returned '0': CMAKE_PREFIX_PATH=${CMAKE_PREFIX_PATH}:/opt/ros/humble /usr/bin/cmake /home/arjun-laptop/Documents/EECE5554-FP/navsim_ws/sim_bot -DCMAKE_INSTALL_PREFIX=/home/arjun-laptop/Documents/EECE5554-FP/navsim_ws/install/sim_bot
[2.193s] Invoking command in '/home/arjun-laptop/Documents/EECE5554-FP/navsim_ws/build/sim_bot': CMAKE_PREFIX_PATH=${CMAKE_PREFIX_PATH}:/opt/ros/humble /usr/bin/cmake --build /home/arjun-laptop/Documents/EECE5554-FP/navsim_ws/build/sim_bot -- -j14 -l14
[2.226s] Invoked command in '/home/arjun-laptop/Documents/EECE5554-FP/navsim_ws/build/sim_bot' returned '0': CMAKE_PREFIX_PATH=${CMAKE_PREFIX_PATH}:/opt/ros/humble /usr/bin/cmake --build /home/arjun-laptop/Documents/EECE5554-FP/navsim_ws/build/sim_bot -- -j14 -l14
[2.234s] Invoking command in '/home/arjun-laptop/Documents/EECE5554-FP/navsim_ws/build/sim_bot': CMAKE_PREFIX_PATH=${CMAKE_PREFIX_PATH}:/opt/ros/humble /usr/bin/cmake --install /home/arjun-laptop/Documents/EECE5554-FP/navsim_ws/build/sim_bot
[2.239s] -- Install configuration: ""
[2.240s] -- Installing: /home/arjun-laptop/Documents/EECE5554-FP/navsim_ws/install/sim_bot/share/sim_bot/config
[2.240s] -- Installing: /home/arjun-laptop/Documents/EECE5554-FP/navsim_ws/install/sim_bot/share/sim_bot/config/ekf.yaml
[2.240s] -- Installing: /home/arjun-laptop/Documents/EECE5554-FP/navsim_ws/install/sim_bot/share/sim_bot/config/ekf2.yaml
[2.240s] -- Installing: /home/arjun-laptop/Documents/EECE5554-FP/navsim_ws/install/sim_bot/share/sim_bot/config/doslam.yaml
[2.240s] -- Installing: /home/arjun-laptop/Documents/EECE5554-FP/navsim_ws/install/sim_bot/share/sim_bot/launch
[2.240s] -- Installing: /home/arjun-laptop/Documents/EECE5554-FP/navsim_ws/install/sim_bot/share/sim_bot/launch/sensor_fusion_odom.launch.py
[2.240s] -- Installing: /home/arjun-laptop/Documents/EECE5554-FP/navsim_ws/install/sim_bot/share/sim_bot/launch/urdf_visualizer.launch.py
[2.240s] -- Installing: /home/arjun-laptop/Documents/EECE5554-FP/navsim_ws/install/sim_bot/share/sim_bot/launch/nav_simulated.launch.py
[2.240s] -- Installing: /home/arjun-laptop/Documents/EECE5554-FP/navsim_ws/install/sim_bot/share/sim_bot/launch/gazebo_simulator.launch.py
[2.240s] -- Installing: /home/arjun-laptop/Documents/EECE5554-FP/navsim_ws/install/sim_bot/share/sim_bot/launch/lidar_config.launch.py
[2.240s] -- Installing: /home/arjun-laptop/Documents/EECE5554-FP/navsim_ws/install/sim_bot/share/sim_bot/meshes
[2.240s] -- Installing: /home/arjun-laptop/Documents/EECE5554-FP/navsim_ws/install/sim_bot/share/sim_bot/meshes/sensors
[2.240s] -- Installing: /home/arjun-laptop/Documents/EECE5554-FP/navsim_ws/install/sim_bot/share/sim_bot/meshes/sensors/lds.stl
[2.240s] -- Installing: /home/arjun-laptop/Documents/EECE5554-FP/navsim_ws/install/sim_bot/share/sim_bot/meshes/sensors/r200.dae
[2.240s] -- Installing: /home/arjun-laptop/Documents/EECE5554-FP/navsim_ws/install/sim_bot/share/sim_bot/meshes/sensors/astra.dae
[2.244s] -- Installing: /home/arjun-laptop/Documents/EECE5554-FP/navsim_ws/install/sim_bot/share/sim_bot/meshes/sensors/r200.jpg
[2.244s] -- Installing: /home/arjun-laptop/Documents/EECE5554-FP/navsim_ws/install/sim_bot/share/sim_bot/meshes/sensors/astra.jpg
[2.244s] -- Installing: /home/arjun-laptop/Documents/EECE5554-FP/navsim_ws/install/sim_bot/share/sim_bot/meshes/wheels
[2.244s] -- Installing: /home/arjun-laptop/Documents/EECE5554-FP/navsim_ws/install/sim_bot/share/sim_bot/meshes/wheels/right_tire.stl
[2.245s] -- Installing: /home/arjun-laptop/Documents/EECE5554-FP/navsim_ws/install/sim_bot/share/sim_bot/meshes/wheels/left_tire.stl
[2.245s] -- Installing: /home/arjun-laptop/Documents/EECE5554-FP/navsim_ws/install/sim_bot/share/sim_bot/meshes/bases
[2.245s] -- Installing: /home/arjun-laptop/Documents/EECE5554-FP/navsim_ws/install/sim_bot/share/sim_bot/meshes/bases/waffle_base.stl
[2.247s] -- Installing: /home/arjun-laptop/Documents/EECE5554-FP/navsim_ws/install/sim_bot/share/sim_bot/meshes/bases/waffle_pi_base.stl
[2.249s] -- Installing: /home/arjun-laptop/Documents/EECE5554-FP/navsim_ws/install/sim_bot/share/sim_bot/meshes/bases/waffle_base_for_open_manipulator.stl
[2.250s] -- Installing: /home/arjun-laptop/Documents/EECE5554-FP/navsim_ws/install/sim_bot/share/sim_bot/meshes/bases/burger_base.stl
[2.251s] -- Installing: /home/arjun-laptop/Documents/EECE5554-FP/navsim_ws/install/sim_bot/share/sim_bot/meshes/bases/waffle_pi_base_for_open_manipulator.stl
[2.252s] -- Installing: /home/arjun-laptop/Documents/EECE5554-FP/navsim_ws/install/sim_bot/share/sim_bot/maps
[2.252s] -- Installing: /home/arjun-laptop/Documents/EECE5554-FP/navsim_ws/install/sim_bot/share/sim_bot/maps/smalltown_world.pgm
[2.254s] -- Installing: /home/arjun-laptop/Documents/EECE5554-FP/navsim_ws/install/sim_bot/share/sim_bot/maps/smalltown_world.yaml
[2.254s] -- Installing: /home/arjun-laptop/Documents/EECE5554-FP/navsim_ws/install/sim_bot/share/sim_bot/models
[2.254s] -- Installing: /home/arjun-laptop/Documents/EECE5554-FP/navsim_ws/install/sim_bot/share/sim_bot/models/turtlebot_burger.urdf
[2.254s] -- Installing: /home/arjun-laptop/Documents/EECE5554-FP/navsim_ws/install/sim_bot/share/sim_bot/models/common_properties.urdf
[2.254s] -- Installing: /home/arjun-laptop/Documents/EECE5554-FP/navsim_ws/install/sim_bot/share/sim_bot/models/basic_mobile_bot_description
[2.254s] -- Installing: /home/arjun-laptop/Documents/EECE5554-FP/navsim_ws/install/sim_bot/share/sim_bot/models/basic_mobile_bot_description/model.sdf:Zone.Identifier
[2.254s] -- Installing: /home/arjun-laptop/Documents/EECE5554-FP/navsim_ws/install/sim_bot/share/sim_bot/models/basic_mobile_bot_description/model.sdf
[2.254s] -- Installing: /home/arjun-laptop/Documents/EECE5554-FP/navsim_ws/install/sim_bot/share/sim_bot/params
[2.254s] -- Installing: /home/arjun-laptop/Documents/EECE5554-FP/navsim_ws/install/sim_bot/share/sim_bot/params/nav2_params.yaml
[2.254s] -- Installing: /home/arjun-laptop/Documents/EECE5554-FP/navsim_ws/install/sim_bot/share/sim_bot/rviz
[2.254s] -- Installing: /home/arjun-laptop/Documents/EECE5554-FP/navsim_ws/install/sim_bot/share/sim_bot/rviz/urdf_config.rviz
[2.254s] -- Installing: /home/arjun-laptop/Documents/EECE5554-FP/navsim_ws/install/sim_bot/share/sim_bot/rviz/nav2_config.rviz
[2.254s] -- Installing: /home/arjun-laptop/Documents/EECE5554-FP/navsim_ws/install/sim_bot/share/sim_bot/worlds
[2.254s] -- Installing: /home/arjun-laptop/Documents/EECE5554-FP/navsim_ws/install/sim_bot/share/sim_bot/worlds/basic_mobile_bot_world
[2.255s] -- Installing: /home/arjun-laptop/Documents/EECE5554-FP/navsim_ws/install/sim_bot/share/sim_bot/worlds/basic_mobile_bot_world/empty.world
[2.255s] -- Installing: /home/arjun-laptop/Documents/EECE5554-FP/navsim_ws/install/sim_bot/share/sim_bot/worlds/basic_mobile_bot_world/smalltown.world
[2.255s] -- Installing: /home/arjun-laptop/Documents/EECE5554-FP/navsim_ws/install/sim_bot/share/ament_index/resource_index/package_run_dependencies/sim_bot
[2.255s] -- Installing: /home/arjun-laptop/Documents/EECE5554-FP/navsim_ws/install/sim_bot/share/ament_index/resource_index/parent_prefix_path/sim_bot
[2.255s] -- Installing: /home/arjun-laptop/Documents/EECE5554-FP/navsim_ws/install/sim_bot/share/sim_bot/environment/ament_prefix_path.sh
[2.255s] -- Installing: /home/arjun-laptop/Documents/EECE5554-FP/navsim_ws/install/sim_bot/share/sim_bot/environment/ament_prefix_path.dsv
[2.255s] -- Installing: /home/arjun-laptop/Documents/EECE5554-FP/navsim_ws/install/sim_bot/share/sim_bot/environment/path.sh
[2.255s] -- Installing: /home/arjun-laptop/Documents/EECE5554-FP/navsim_ws/install/sim_bot/share/sim_bot/environment/path.dsv
[2.255s] -- Installing: /home/arjun-laptop/Documents/EECE5554-FP/navsim_ws/install/sim_bot/share/sim_bot/local_setup.bash
[2.255s] -- Installing: /home/arjun-laptop/Documents/EECE5554-FP/navsim_ws/install/sim_bot/share/sim_bot/local_setup.sh
[2.255s] -- Installing: /home/arjun-laptop/Documents/EECE5554-FP/navsim_ws/install/sim_bot/share/sim_bot/local_setup.zsh
[2.255s] -- Installing: /home/arjun-laptop/Documents/EECE5554-FP/navsim_ws/install/sim_bot/share/sim_bot/local_setup.dsv
[2.255s] -- Installing: /home/arjun-laptop/Documents/EECE5554-FP/navsim_ws/install/sim_bot/share/sim_bot/package.dsv
[2.255s] -- Installing: /home/arjun-laptop/Documents/EECE5554-FP/navsim_ws/install/sim_bot/share/ament_index/resource_index/packages/sim_bot
[2.255s] -- Installing: /home/arjun-laptop/Documents/EECE5554-FP/navsim_ws/install/sim_bot/share/sim_bot/cmake/sim_botConfig.cmake
[2.255s] -- Installing: /home/arjun-laptop/Documents/EECE5554-FP/navsim_ws/install/sim_bot/share/sim_bot/cmake/sim_botConfig-version.cmake
[2.255s] -- Installing: /home/arjun-laptop/Documents/EECE5554-FP/navsim_ws/install/sim_bot/share/sim_bot/package.xml
[2.257s] Invoked command in '/home/arjun-laptop/Documents/EECE5554-FP/navsim_ws/build/sim_bot' returned '0': CMAKE_PREFIX_PATH=${CMAKE_PREFIX_PATH}:/opt/ros/humble /usr/bin/cmake --install /home/arjun-laptop/Documents/EECE5554-FP/navsim_ws/build/sim_bot
