[4.903s] Invoking command in '/home/group4/Documents/EECE5554-FP/navphy_ws/target_tracking': PYTHONPATH=/home/group4/Documents/EECE5554-FP/navphy_ws/build/target_tracking/prefix_override:/usr/lib/python3/dist-packages/colcon_core/task/python/colcon_distutils_commands:/home/group4/Documents/EECE5554-FP/navphy_ws/install/target_tracking/lib/python3.10/site-packages:${PYTHONPATH} /usr/bin/python3 -W ignore:setup.py install is deprecated -W ignore:easy_install command is deprecated setup.py egg_info --egg-base ../build/target_tracking build --build-base /home/group4/Documents/EECE5554-FP/navphy_ws/build/target_tracking/build install --record /home/group4/Documents/EECE5554-FP/navphy_ws/build/target_tracking/install.log --single-version-externally-managed install_data
[6.343s] running egg_info
[6.349s] writing ../build/target_tracking/target_tracking.egg-info/PKG-INFO
[6.353s] writing dependency_links to ../build/target_tracking/target_tracking.egg-info/dependency_links.txt
[6.356s] writing entry points to ../build/target_tracking/target_tracking.egg-info/entry_points.txt
[6.358s] writing requirements to ../build/target_tracking/target_tracking.egg-info/requires.txt
[6.361s] writing top-level names to ../build/target_tracking/target_tracking.egg-info/top_level.txt
[6.364s] reading manifest file '../build/target_tracking/target_tracking.egg-info/SOURCES.txt'
[6.368s] writing manifest file '../build/target_tracking/target_tracking.egg-info/SOURCES.txt'
[6.368s] running build
[6.369s] running build_py
[6.373s] copying target_tracking/target_pos.py -> /home/group4/Documents/EECE5554-FP/navphy_ws/build/target_tracking/build/lib/target_tracking
[6.374s] running install
[6.374s] running install_lib
[6.377s] copying /home/group4/Documents/EECE5554-FP/navphy_ws/build/target_tracking/build/lib/target_tracking/target_pos.py -> /home/group4/Documents/EECE5554-FP/navphy_ws/install/target_tracking/lib/python3.10/site-packages/target_tracking
[6.381s] byte-compiling /home/group4/Documents/EECE5554-FP/navphy_ws/install/target_tracking/lib/python3.10/site-packages/target_tracking/target_pos.py to target_pos.cpython-310.pyc
[6.386s] running install_data
[6.387s] running install_egg_info
[6.395s] removing '/home/group4/Documents/EECE5554-FP/navphy_ws/install/target_tracking/lib/python3.10/site-packages/target_tracking-0.0.0-py3.10.egg-info' (and everything under it)
[6.400s] Copying ../build/target_tracking/target_tracking.egg-info to /home/group4/Documents/EECE5554-FP/navphy_ws/install/target_tracking/lib/python3.10/site-packages/target_tracking-0.0.0-py3.10.egg-info
[6.419s] running install_scripts
[6.547s] Installing target_pos script to /home/group4/Documents/EECE5554-FP/navphy_ws/install/target_tracking/lib/target_tracking
[6.551s] writing list of installed files to '/home/group4/Documents/EECE5554-FP/navphy_ws/build/target_tracking/install.log'
[6.705s] Invoked command in '/home/group4/Documents/EECE5554-FP/navphy_ws/target_tracking' returned '0': PYTHONPATH=/home/group4/Documents/EECE5554-FP/navphy_ws/build/target_tracking/prefix_override:/usr/lib/python3/dist-packages/colcon_core/task/python/colcon_distutils_commands:/home/group4/Documents/EECE5554-FP/navphy_ws/install/target_tracking/lib/python3.10/site-packages:${PYTHONPATH} /usr/bin/python3 -W ignore:setup.py install is deprecated -W ignore:easy_install command is deprecated setup.py egg_info --egg-base ../build/target_tracking build --build-base /home/group4/Documents/EECE5554-FP/navphy_ws/build/target_tracking/build install --record /home/group4/Documents/EECE5554-FP/navphy_ws/build/target_tracking/install.log --single-version-externally-managed install_data
