[4.963s] Invoking command in '/home/group4/Documents/EECE5554-FP/navphy_ws/navigation': PYTHONPATH=/home/group4/Documents/EECE5554-FP/navphy_ws/build/navigation/prefix_override:/usr/lib/python3/dist-packages/colcon_core/task/python/colcon_distutils_commands:/home/group4/Documents/EECE5554-FP/navphy_ws/install/navigation/lib/python3.10/site-packages:${PYTHONPATH} /usr/bin/python3 -W ignore:setup.py install is deprecated -W ignore:easy_install command is deprecated setup.py egg_info --egg-base ../build/navigation build --build-base /home/group4/Documents/EECE5554-FP/navphy_ws/build/navigation/build install --record /home/group4/Documents/EECE5554-FP/navphy_ws/build/navigation/install.log --single-version-externally-managed install_data
[6.347s] running egg_info
[6.357s] writing ../build/navigation/navigation.egg-info/PKG-INFO
[6.358s] writing dependency_links to ../build/navigation/navigation.egg-info/dependency_links.txt
[6.361s] writing entry points to ../build/navigation/navigation.egg-info/entry_points.txt
[6.363s] writing requirements to ../build/navigation/navigation.egg-info/requires.txt
[6.363s] writing top-level names to ../build/navigation/navigation.egg-info/top_level.txt
[6.371s] reading manifest file '../build/navigation/navigation.egg-info/SOURCES.txt'
[6.371s] writing manifest file '../build/navigation/navigation.egg-info/SOURCES.txt'
[6.372s] running build
[6.373s] running build_py
[6.382s] running install
[6.383s] running install_lib
[6.383s] running install_data
[6.384s] running install_egg_info
[6.390s] removing '/home/group4/Documents/EECE5554-FP/navphy_ws/install/navigation/lib/python3.10/site-packages/navigation-0.0.0-py3.10.egg-info' (and everything under it)
[6.392s] Copying ../build/navigation/navigation.egg-info to /home/group4/Documents/EECE5554-FP/navphy_ws/install/navigation/lib/python3.10/site-packages/navigation-0.0.0-py3.10.egg-info
[6.400s] running install_scripts
[6.499s] Installing nav2pose script to /home/group4/Documents/EECE5554-FP/navphy_ws/install/navigation/lib/navigation
[6.501s] Installing nav2pose_talker script to /home/group4/Documents/EECE5554-FP/navphy_ws/install/navigation/lib/navigation
[6.502s] Installing target_search script to /home/group4/Documents/EECE5554-FP/navphy_ws/install/navigation/lib/navigation
[6.505s] writing list of installed files to '/home/group4/Documents/EECE5554-FP/navphy_ws/build/navigation/install.log'
[6.721s] Invoked command in '/home/group4/Documents/EECE5554-FP/navphy_ws/navigation' returned '0': PYTHONPATH=/home/group4/Documents/EECE5554-FP/navphy_ws/build/navigation/prefix_override:/usr/lib/python3/dist-packages/colcon_core/task/python/colcon_distutils_commands:/home/group4/Documents/EECE5554-FP/navphy_ws/install/navigation/lib/python3.10/site-packages:${PYTHONPATH} /usr/bin/python3 -W ignore:setup.py install is deprecated -W ignore:easy_install command is deprecated setup.py egg_info --egg-base ../build/navigation build --build-base /home/group4/Documents/EECE5554-FP/navphy_ws/build/navigation/build install --record /home/group4/Documents/EECE5554-FP/navphy_ws/build/navigation/install.log --single-version-externally-managed install_data
