[0.009s] Invoking command in '/home/arjun-laptop/Documents/EECE5554-FP/navsim_ws/build/sim_bot': CMAKE_PREFIX_PATH=${CMAKE_PREFIX_PATH}:/opt/ros/humble /usr/bin/cmake --build /home/arjun-laptop/Documents/EECE5554-FP/navsim_ws/build/sim_bot -- -j14 -l14
[0.042s] Invoked command in '/home/arjun-laptop/Documents/EECE5554-FP/navsim_ws/build/sim_bot' returned '0': CMAKE_PREFIX_PATH=${CMAKE_PREFIX_PATH}:/opt/ros/humble /usr/bin/cmake --build /home/arjun-laptop/Documents/EECE5554-FP/navsim_ws/build/sim_bot -- -j14 -l14
[0.048s] Invoking command in '/home/arjun-laptop/Documents/EECE5554-FP/navsim_ws/build/sim_bot': CMAKE_PREFIX_PATH=${CMAKE_PREFIX_PATH}:/opt/ros/humble /usr/bin/cmake --install /home/arjun-laptop/Documents/EECE5554-FP/navsim_ws/build/sim_bot
[0.054s] -- Install configuration: ""
[0.054s] -- Up-to-date: /home/arjun-laptop/Documents/EECE5554-FP/navsim_ws/install/sim_bot/share/sim_bot/config
[0.054s] -- Up-to-date: /home/arjun-laptop/Documents/EECE5554-FP/navsim_ws/install/sim_bot/share/sim_bot/config/ekf.yaml
[0.054s] -- Up-to-date: /home/arjun-laptop/Documents/EECE5554-FP/navsim_ws/install/sim_bot/share/sim_bot/config/ekf2.yaml
[0.054s] -- Up-to-date: /home/arjun-laptop/Documents/EECE5554-FP/navsim_ws/install/sim_bot/share/sim_bot/config/doslam.yaml
[0.055s] -- Up-to-date: /home/arjun-laptop/Documents/EECE5554-FP/navsim_ws/install/sim_bot/share/sim_bot/launch
[0.055s] -- Up-to-date: /home/arjun-laptop/Documents/EECE5554-FP/navsim_ws/install/sim_bot/share/sim_bot/launch/sensor_fusion_odom.launch.py
[0.055s] -- Up-to-date: /home/arjun-laptop/Documents/EECE5554-FP/navsim_ws/install/sim_bot/share/sim_bot/launch/urdf_visualizer.launch.py
[0.055s] -- Installing: /home/arjun-laptop/Documents/EECE5554-FP/navsim_ws/install/sim_bot/share/sim_bot/launch/nav_simulated.launch.py
[0.055s] -- Up-to-date: /home/arjun-laptop/Documents/EECE5554-FP/navsim_ws/install/sim_bot/share/sim_bot/launch/gazebo_simulator.launch.py
[0.055s] -- Up-to-date: /home/arjun-laptop/Documents/EECE5554-FP/navsim_ws/install/sim_bot/share/sim_bot/launch/lidar_config.launch.py
[0.055s] -- Up-to-date: /home/arjun-laptop/Documents/EECE5554-FP/navsim_ws/install/sim_bot/share/sim_bot/meshes
[0.055s] -- Up-to-date: /home/arjun-laptop/Documents/EECE5554-FP/navsim_ws/install/sim_bot/share/sim_bot/meshes/sensors
[0.055s] -- Up-to-date: /home/arjun-laptop/Documents/EECE5554-FP/navsim_ws/install/sim_bot/share/sim_bot/meshes/sensors/lds.stl
[0.055s] -- Up-to-date: /home/arjun-laptop/Documents/EECE5554-FP/navsim_ws/install/sim_bot/share/sim_bot/meshes/sensors/r200.dae
[0.055s] -- Up-to-date: /home/arjun-laptop/Documents/EECE5554-FP/navsim_ws/install/sim_bot/share/sim_bot/meshes/sensors/astra.dae
[0.055s] -- Up-to-date: /home/arjun-laptop/Documents/EECE5554-FP/navsim_ws/install/sim_bot/share/sim_bot/meshes/sensors/r200.jpg
[0.055s] -- Up-to-date: /home/arjun-laptop/Documents/EECE5554-FP/navsim_ws/install/sim_bot/share/sim_bot/meshes/sensors/astra.jpg
[0.055s] -- Up-to-date: /home/arjun-laptop/Documents/EECE5554-FP/navsim_ws/install/sim_bot/share/sim_bot/meshes/wheels
[0.055s] -- Up-to-date: /home/arjun-laptop/Documents/EECE5554-FP/navsim_ws/install/sim_bot/share/sim_bot/meshes/wheels/right_tire.stl
[0.055s] -- Up-to-date: /home/arjun-laptop/Documents/EECE5554-FP/navsim_ws/install/sim_bot/share/sim_bot/meshes/wheels/left_tire.stl
[0.055s] -- Up-to-date: /home/arjun-laptop/Documents/EECE5554-FP/navsim_ws/install/sim_bot/share/sim_bot/meshes/bases
[0.055s] -- Up-to-date: /home/arjun-laptop/Documents/EECE5554-FP/navsim_ws/install/sim_bot/share/sim_bot/meshes/bases/waffle_base.stl
[0.055s] -- Up-to-date: /home/arjun-laptop/Documents/EECE5554-FP/navsim_ws/install/sim_bot/share/sim_bot/meshes/bases/waffle_pi_base.stl
[0.055s] -- Up-to-date: /home/arjun-laptop/Documents/EECE5554-FP/navsim_ws/install/sim_bot/share/sim_bot/meshes/bases/waffle_base_for_open_manipulator.stl
[0.056s] -- Up-to-date: /home/arjun-laptop/Documents/EECE5554-FP/navsim_ws/install/sim_bot/share/sim_bot/meshes/bases/burger_base.stl
[0.056s] -- Up-to-date: /home/arjun-laptop/Documents/EECE5554-FP/navsim_ws/install/sim_bot/share/sim_bot/meshes/bases/waffle_pi_base_for_open_manipulator.stl
[0.056s] -- Up-to-date: /home/arjun-laptop/Documents/EECE5554-FP/navsim_ws/install/sim_bot/share/sim_bot/maps
[0.056s] -- Up-to-date: /home/arjun-laptop/Documents/EECE5554-FP/navsim_ws/install/sim_bot/share/sim_bot/maps/smalltown_world.pgm
[0.056s] -- Up-to-date: /home/arjun-laptop/Documents/EECE5554-FP/navsim_ws/install/sim_bot/share/sim_bot/maps/smalltown_world.yaml
[0.056s] -- Up-to-date: /home/arjun-laptop/Documents/EECE5554-FP/navsim_ws/install/sim_bot/share/sim_bot/models
[0.056s] -- Up-to-date: /home/arjun-laptop/Documents/EECE5554-FP/navsim_ws/install/sim_bot/share/sim_bot/models/turtlebot_burger.urdf
[0.056s] -- Up-to-date: /home/arjun-laptop/Documents/EECE5554-FP/navsim_ws/install/sim_bot/share/sim_bot/models/common_properties.urdf
[0.056s] -- Up-to-date: /home/arjun-laptop/Documents/EECE5554-FP/navsim_ws/install/sim_bot/share/sim_bot/models/basic_mobile_bot_description
[0.056s] -- Up-to-date: /home/arjun-laptop/Documents/EECE5554-FP/navsim_ws/install/sim_bot/share/sim_bot/models/basic_mobile_bot_description/model.sdf:Zone.Identifier
[0.056s] -- Up-to-date: /home/arjun-laptop/Documents/EECE5554-FP/navsim_ws/install/sim_bot/share/sim_bot/models/basic_mobile_bot_description/model.sdf
[0.056s] -- Up-to-date: /home/arjun-laptop/Documents/EECE5554-FP/navsim_ws/install/sim_bot/share/sim_bot/models/basic_mobile_bot_description/model.config
[0.056s] -- Up-to-date: /home/arjun-laptop/Documents/EECE5554-FP/navsim_ws/install/sim_bot/share/sim_bot/params
[0.056s] -- Up-to-date: /home/arjun-laptop/Documents/EECE5554-FP/navsim_ws/install/sim_bot/share/sim_bot/params/nav2_params.yaml
[0.056s] -- Up-to-date: /home/arjun-laptop/Documents/EECE5554-FP/navsim_ws/install/sim_bot/share/sim_bot/rviz
[0.057s] -- Up-to-date: /home/arjun-laptop/Documents/EECE5554-FP/navsim_ws/install/sim_bot/share/sim_bot/rviz/urdf_config.rviz
[0.057s] -- Up-to-date: /home/arjun-laptop/Documents/EECE5554-FP/navsim_ws/install/sim_bot/share/sim_bot/rviz/nav2_config.rviz
[0.057s] -- Up-to-date: /home/arjun-laptop/Documents/EECE5554-FP/navsim_ws/install/sim_bot/share/sim_bot/worlds
[0.057s] -- Up-to-date: /home/arjun-laptop/Documents/EECE5554-FP/navsim_ws/install/sim_bot/share/sim_bot/worlds/basic_mobile_bot_world
[0.057s] -- Up-to-date: /home/arjun-laptop/Documents/EECE5554-FP/navsim_ws/install/sim_bot/share/sim_bot/worlds/basic_mobile_bot_world/empty.world
[0.057s] -- Up-to-date: /home/arjun-laptop/Documents/EECE5554-FP/navsim_ws/install/sim_bot/share/sim_bot/worlds/basic_mobile_bot_world/smalltown.world
[0.057s] -- Up-to-date: /home/arjun-laptop/Documents/EECE5554-FP/navsim_ws/install/sim_bot/share/ament_index/resource_index/package_run_dependencies/sim_bot
[0.057s] -- Up-to-date: /home/arjun-laptop/Documents/EECE5554-FP/navsim_ws/install/sim_bot/share/ament_index/resource_index/parent_prefix_path/sim_bot
[0.057s] -- Up-to-date: /home/arjun-laptop/Documents/EECE5554-FP/navsim_ws/install/sim_bot/share/sim_bot/environment/ament_prefix_path.sh
[0.057s] -- Up-to-date: /home/arjun-laptop/Documents/EECE5554-FP/navsim_ws/install/sim_bot/share/sim_bot/environment/ament_prefix_path.dsv
[0.057s] -- Up-to-date: /home/arjun-laptop/Documents/EECE5554-FP/navsim_ws/install/sim_bot/share/sim_bot/environment/path.sh
[0.057s] -- Up-to-date: /home/arjun-laptop/Documents/EECE5554-FP/navsim_ws/install/sim_bot/share/sim_bot/environment/path.dsv
[0.057s] -- Up-to-date: /home/arjun-laptop/Documents/EECE5554-FP/navsim_ws/install/sim_bot/share/sim_bot/local_setup.bash
[0.057s] -- Up-to-date: /home/arjun-laptop/Documents/EECE5554-FP/navsim_ws/install/sim_bot/share/sim_bot/local_setup.sh
[0.057s] -- Up-to-date: /home/arjun-laptop/Documents/EECE5554-FP/navsim_ws/install/sim_bot/share/sim_bot/local_setup.zsh
[0.057s] -- Up-to-date: /home/arjun-laptop/Documents/EECE5554-FP/navsim_ws/install/sim_bot/share/sim_bot/local_setup.dsv
[0.057s] -- Installing: /home/arjun-laptop/Documents/EECE5554-FP/navsim_ws/install/sim_bot/share/sim_bot/package.dsv
[0.057s] -- Up-to-date: /home/arjun-laptop/Documents/EECE5554-FP/navsim_ws/install/sim_bot/share/ament_index/resource_index/packages/sim_bot
[0.057s] -- Up-to-date: /home/arjun-laptop/Documents/EECE5554-FP/navsim_ws/install/sim_bot/share/sim_bot/cmake/sim_botConfig.cmake
[0.057s] -- Up-to-date: /home/arjun-laptop/Documents/EECE5554-FP/navsim_ws/install/sim_bot/share/sim_bot/cmake/sim_botConfig-version.cmake
[0.057s] -- Up-to-date: /home/arjun-laptop/Documents/EECE5554-FP/navsim_ws/install/sim_bot/share/sim_bot/package.xml
[0.058s] Invoked command in '/home/arjun-laptop/Documents/EECE5554-FP/navsim_ws/build/sim_bot' returned '0': CMAKE_PREFIX_PATH=${CMAKE_PREFIX_PATH}:/opt/ros/humble /usr/bin/cmake --install /home/arjun-laptop/Documents/EECE5554-FP/navsim_ws/build/sim_bot
