[0.164s] Invoking command in '/home/group4/Documents/EECE5554-FP/navphy_ws/build/basic_mobile_robot': CMAKE_PREFIX_PATH=${CMAKE_PREFIX_PATH}:/home/group4/Documents/turtlebot3_ws/install/turtlebot3_teleop:/home/group4/Documents/turtlebot3_ws/install/turtlebot3_example:/home/group4/Documents/EECE5554-FP/navphy_ws/install/target_tracking:/home/group4/Documents/EECE5554-FP/navphy_ws/install/navigation:/opt/ros/humble /usr/bin/cmake --build /home/group4/Documents/EECE5554-FP/navphy_ws/build/basic_mobile_robot -- -j4 -l4
[2.867s] [100%] Built target lidar_odometry_node
[2.872s] Invoked command in '/home/group4/Documents/EECE5554-FP/navphy_ws/build/basic_mobile_robot' returned '0': CMAKE_PREFIX_PATH=${CMAKE_PREFIX_PATH}:/home/group4/Documents/turtlebot3_ws/install/turtlebot3_teleop:/home/group4/Documents/turtlebot3_ws/install/turtlebot3_example:/home/group4/Documents/EECE5554-FP/navphy_ws/install/target_tracking:/home/group4/Documents/EECE5554-FP/navphy_ws/install/navigation:/opt/ros/humble /usr/bin/cmake --build /home/group4/Documents/EECE5554-FP/navphy_ws/build/basic_mobile_robot -- -j4 -l4
[2.916s] Invoking command in '/home/group4/Documents/EECE5554-FP/navphy_ws/build/basic_mobile_robot': CMAKE_PREFIX_PATH=${CMAKE_PREFIX_PATH}:/home/group4/Documents/turtlebot3_ws/install/turtlebot3_teleop:/home/group4/Documents/turtlebot3_ws/install/turtlebot3_example:/home/group4/Documents/EECE5554-FP/navphy_ws/install/target_tracking:/home/group4/Documents/EECE5554-FP/navphy_ws/install/navigation:/opt/ros/humble /usr/bin/cmake --install /home/group4/Documents/EECE5554-FP/navphy_ws/build/basic_mobile_robot
[2.947s] -- Install configuration: ""
[2.948s] -- Up-to-date: /home/group4/Documents/EECE5554-FP/navphy_ws/install/basic_mobile_robot/share/basic_mobile_robot/behavior_trees
[2.949s] -- Up-to-date: /home/group4/Documents/EECE5554-FP/navphy_ws/install/basic_mobile_robot/share/basic_mobile_robot/behavior_trees/navigate_to_pose_with_updates.xml
[2.951s] -- Up-to-date: /home/group4/Documents/EECE5554-FP/navphy_ws/install/basic_mobile_robot/share/basic_mobile_robot/behavior_trees/navigate_to_pose_w_replanning_and_recovery.xml
[2.953s] -- Up-to-date: /home/group4/Documents/EECE5554-FP/navphy_ws/install/basic_mobile_robot/share/basic_mobile_robot/config
[2.955s] -- Up-to-date: /home/group4/Documents/EECE5554-FP/navphy_ws/install/basic_mobile_robot/share/basic_mobile_robot/config/ekf.yaml
[2.956s] -- Up-to-date: /home/group4/Documents/EECE5554-FP/navphy_ws/install/basic_mobile_robot/share/basic_mobile_robot/config/nav2_params.yaml
[2.960s] -- Up-to-date: /home/group4/Documents/EECE5554-FP/navphy_ws/install/basic_mobile_robot/share/basic_mobile_robot/config/doslam.yaml
[2.961s] -- Up-to-date: /home/group4/Documents/EECE5554-FP/navphy_ws/install/basic_mobile_robot/share/basic_mobile_robot/include
[2.962s] -- Up-to-date: /home/group4/Documents/EECE5554-FP/navphy_ws/install/basic_mobile_robot/share/basic_mobile_robot/include/lidar_odometry
[2.964s] -- Up-to-date: /home/group4/Documents/EECE5554-FP/navphy_ws/install/basic_mobile_robot/share/basic_mobile_robot/include/lidar_odometry/utils.hpp
[2.965s] -- Up-to-date: /home/group4/Documents/EECE5554-FP/navphy_ws/install/basic_mobile_robot/share/basic_mobile_robot/include/lidar_odometry/lidar_odometry.hpp
[2.966s] -- Up-to-date: /home/group4/Documents/EECE5554-FP/navphy_ws/install/basic_mobile_robot/share/basic_mobile_robot/launch
[2.968s] -- Up-to-date: /home/group4/Documents/EECE5554-FP/navphy_ws/install/basic_mobile_robot/share/basic_mobile_robot/launch/urdf_visualizer.launch.py
[2.969s] -- Up-to-date: /home/group4/Documents/EECE5554-FP/navphy_ws/install/basic_mobile_robot/share/basic_mobile_robot/launch/target_tracking.launch.py
[2.970s] -- Up-to-date: /home/group4/Documents/EECE5554-FP/navphy_ws/install/basic_mobile_robot/share/basic_mobile_robot/launch/slam.launch.py
[2.971s] -- Up-to-date: /home/group4/Documents/EECE5554-FP/navphy_ws/install/basic_mobile_robot/share/basic_mobile_robot/launch/rplidar.launch.py
[2.973s] -- Up-to-date: /home/group4/Documents/EECE5554-FP/navphy_ws/install/basic_mobile_robot/share/basic_mobile_robot/launch/nav_physical.launch.py
[2.974s] -- Up-to-date: /home/group4/Documents/EECE5554-FP/navphy_ws/install/basic_mobile_robot/share/basic_mobile_robot/launch/teleop.launch.py
[2.976s] -- Up-to-date: /home/group4/Documents/EECE5554-FP/navphy_ws/install/basic_mobile_robot/share/basic_mobile_robot/maps
[2.977s] -- Up-to-date: /home/group4/Documents/EECE5554-FP/navphy_ws/install/basic_mobile_robot/share/basic_mobile_robot/maps/slam_map.pgm
[2.979s] -- Up-to-date: /home/group4/Documents/EECE5554-FP/navphy_ws/install/basic_mobile_robot/share/basic_mobile_robot/maps/slam_map.yaml
[2.980s] -- Up-to-date: /home/group4/Documents/EECE5554-FP/navphy_ws/install/basic_mobile_robot/share/basic_mobile_robot/models
[2.983s] -- Up-to-date: /home/group4/Documents/EECE5554-FP/navphy_ws/install/basic_mobile_robot/share/basic_mobile_robot/models/common_properties.urdf
[2.984s] -- Up-to-date: /home/group4/Documents/EECE5554-FP/navphy_ws/install/basic_mobile_robot/share/basic_mobile_robot/models/turtlebot_burger.urdf
[2.993s] -- Up-to-date: /home/group4/Documents/EECE5554-FP/navphy_ws/install/basic_mobile_robot/share/basic_mobile_robot/meshes
[2.994s] -- Up-to-date: /home/group4/Documents/EECE5554-FP/navphy_ws/install/basic_mobile_robot/share/basic_mobile_robot/meshes/sensors
[2.995s] -- Up-to-date: /home/group4/Documents/EECE5554-FP/navphy_ws/install/basic_mobile_robot/share/basic_mobile_robot/meshes/sensors/astra.jpg
[2.996s] -- Up-to-date: /home/group4/Documents/EECE5554-FP/navphy_ws/install/basic_mobile_robot/share/basic_mobile_robot/meshes/sensors/r200.dae
[2.997s] -- Up-to-date: /home/group4/Documents/EECE5554-FP/navphy_ws/install/basic_mobile_robot/share/basic_mobile_robot/meshes/sensors/astra.dae
[2.997s] -- Up-to-date: /home/group4/Documents/EECE5554-FP/navphy_ws/install/basic_mobile_robot/share/basic_mobile_robot/meshes/sensors/r200.jpg
[2.999s] -- Up-to-date: /home/group4/Documents/EECE5554-FP/navphy_ws/install/basic_mobile_robot/share/basic_mobile_robot/meshes/sensors/lds.stl
[3.000s] -- Up-to-date: /home/group4/Documents/EECE5554-FP/navphy_ws/install/basic_mobile_robot/share/basic_mobile_robot/meshes/bases
[3.001s] -- Up-to-date: /home/group4/Documents/EECE5554-FP/navphy_ws/install/basic_mobile_robot/share/basic_mobile_robot/meshes/bases/waffle_base.stl
[3.002s] -- Up-to-date: /home/group4/Documents/EECE5554-FP/navphy_ws/install/basic_mobile_robot/share/basic_mobile_robot/meshes/bases/waffle_pi_base.stl
[3.003s] -- Up-to-date: /home/group4/Documents/EECE5554-FP/navphy_ws/install/basic_mobile_robot/share/basic_mobile_robot/meshes/bases/waffle_pi_base_for_open_manipulator.stl
[3.003s] -- Up-to-date: /home/group4/Documents/EECE5554-FP/navphy_ws/install/basic_mobile_robot/share/basic_mobile_robot/meshes/bases/waffle_base_for_open_manipulator.stl
[3.004s] -- Up-to-date: /home/group4/Documents/EECE5554-FP/navphy_ws/install/basic_mobile_robot/share/basic_mobile_robot/meshes/bases/burger_base.stl
[3.005s] -- Up-to-date: /home/group4/Documents/EECE5554-FP/navphy_ws/install/basic_mobile_robot/share/basic_mobile_robot/meshes/wheels
[3.005s] -- Up-to-date: /home/group4/Documents/EECE5554-FP/navphy_ws/install/basic_mobile_robot/share/basic_mobile_robot/meshes/wheels/right_tire.stl
[3.006s] -- Up-to-date: /home/group4/Documents/EECE5554-FP/navphy_ws/install/basic_mobile_robot/share/basic_mobile_robot/meshes/wheels/left_tire.stl
[3.007s] -- Up-to-date: /home/group4/Documents/EECE5554-FP/navphy_ws/install/basic_mobile_robot/share/basic_mobile_robot/rviz
[3.007s] -- Up-to-date: /home/group4/Documents/EECE5554-FP/navphy_ws/install/basic_mobile_robot/share/basic_mobile_robot/rviz/urdf_config.rviz
[3.008s] -- Up-to-date: /home/group4/Documents/EECE5554-FP/navphy_ws/install/basic_mobile_robot/share/basic_mobile_robot/rviz/slam.rviz
[3.009s] -- Up-to-date: /home/group4/Documents/EECE5554-FP/navphy_ws/install/basic_mobile_robot/share/basic_mobile_robot/rviz/turtlebot.rviz
[3.010s] -- Up-to-date: /home/group4/Documents/EECE5554-FP/navphy_ws/install/basic_mobile_robot/share/basic_mobile_robot/rviz/teleop.rviz
[3.010s] -- Up-to-date: /home/group4/Documents/EECE5554-FP/navphy_ws/install/basic_mobile_robot/share/basic_mobile_robot/rviz/test.rviz
[3.011s] -- Up-to-date: /home/group4/Documents/EECE5554-FP/navphy_ws/install/basic_mobile_robot/share/basic_mobile_robot/src
[3.012s] -- Up-to-date: /home/group4/Documents/EECE5554-FP/navphy_ws/install/basic_mobile_robot/share/basic_mobile_robot/src/lidar_odometry.cpp
[3.014s] -- Up-to-date: /home/group4/Documents/EECE5554-FP/navphy_ws/install/basic_mobile_robot/share/basic_mobile_robot/src/lidar_odometry_node.cpp
[3.015s] -- Up-to-date: /home/group4/Documents/EECE5554-FP/navphy_ws/install/basic_mobile_robot/lib/basic_mobile_robot/lidar_odometry_node
[3.016s] -- Up-to-date: /home/group4/Documents/EECE5554-FP/navphy_ws/install/basic_mobile_robot/share/ament_index/resource_index/package_run_dependencies/basic_mobile_robot
[3.016s] -- Up-to-date: /home/group4/Documents/EECE5554-FP/navphy_ws/install/basic_mobile_robot/share/ament_index/resource_index/parent_prefix_path/basic_mobile_robot
[3.017s] -- Up-to-date: /home/group4/Documents/EECE5554-FP/navphy_ws/install/basic_mobile_robot/share/basic_mobile_robot/environment/ament_prefix_path.sh
[3.018s] -- Up-to-date: /home/group4/Documents/EECE5554-FP/navphy_ws/install/basic_mobile_robot/share/basic_mobile_robot/environment/ament_prefix_path.dsv
[3.018s] -- Up-to-date: /home/group4/Documents/EECE5554-FP/navphy_ws/install/basic_mobile_robot/share/basic_mobile_robot/environment/path.sh
[3.019s] -- Up-to-date: /home/group4/Documents/EECE5554-FP/navphy_ws/install/basic_mobile_robot/share/basic_mobile_robot/environment/path.dsv
[3.020s] -- Up-to-date: /home/group4/Documents/EECE5554-FP/navphy_ws/install/basic_mobile_robot/share/basic_mobile_robot/local_setup.bash
[3.021s] -- Up-to-date: /home/group4/Documents/EECE5554-FP/navphy_ws/install/basic_mobile_robot/share/basic_mobile_robot/local_setup.sh
[3.022s] -- Up-to-date: /home/group4/Documents/EECE5554-FP/navphy_ws/install/basic_mobile_robot/share/basic_mobile_robot/local_setup.zsh
[3.023s] -- Up-to-date: /home/group4/Documents/EECE5554-FP/navphy_ws/install/basic_mobile_robot/share/basic_mobile_robot/local_setup.dsv
[3.024s] -- Installing: /home/group4/Documents/EECE5554-FP/navphy_ws/install/basic_mobile_robot/share/basic_mobile_robot/package.dsv
[3.027s] -- Up-to-date: /home/group4/Documents/EECE5554-FP/navphy_ws/install/basic_mobile_robot/share/ament_index/resource_index/packages/basic_mobile_robot
[3.029s] -- Up-to-date: /home/group4/Documents/EECE5554-FP/navphy_ws/install/basic_mobile_robot/share/basic_mobile_robot/cmake/basic_mobile_robotConfig.cmake
[3.029s] -- Up-to-date: /home/group4/Documents/EECE5554-FP/navphy_ws/install/basic_mobile_robot/share/basic_mobile_robot/cmake/basic_mobile_robotConfig-version.cmake
[3.030s] -- Up-to-date: /home/group4/Documents/EECE5554-FP/navphy_ws/install/basic_mobile_robot/share/basic_mobile_robot/package.xml
[3.031s] Invoked command in '/home/group4/Documents/EECE5554-FP/navphy_ws/build/basic_mobile_robot' returned '0': CMAKE_PREFIX_PATH=${CMAKE_PREFIX_PATH}:/home/group4/Documents/turtlebot3_ws/install/turtlebot3_teleop:/home/group4/Documents/turtlebot3_ws/install/turtlebot3_example:/home/group4/Documents/EECE5554-FP/navphy_ws/install/target_tracking:/home/group4/Documents/EECE5554-FP/navphy_ws/install/navigation:/opt/ros/humble /usr/bin/cmake --install /home/group4/Documents/EECE5554-FP/navphy_ws/build/basic_mobile_robot
