[2.391s] DEBUG:colcon:Command line arguments: ['/usr/bin/colcon', 'build', '--packages-select', 'target_tracking']
[2.393s] DEBUG:colcon:Parsed command line arguments: Namespace(log_base=None, log_level=None, verb_name='build', build_base='build', install_base='install', merge_install=False, symlink_install=False, test_result_base=None, continue_on_error=False, executor='parallel', parallel_workers=4, event_handlers=None, ignore_user_meta=False, metas=['./colcon.meta'], base_paths=['.'], packages_ignore=None, packages_ignore_regex=None, paths=None, packages_up_to=None, packages_up_to_regex=None, packages_above=None, packages_above_and_dependencies=None, packages_above_depth=None, packages_select_by_dep=None, packages_skip_by_dep=None, packages_skip_up_to=None, packages_select_build_failed=False, packages_skip_build_finished=False, packages_select_test_failures=False, packages_skip_test_passed=False, packages_select=['target_tracking'], packages_skip=None, packages_select_regex=None, packages_skip_regex=None, packages_start=None, packages_end=None, allow_overriding=[], cmake_args=None, cmake_target=None, cmake_target_skip_unavailable=False, cmake_clean_cache=False, cmake_clean_first=False, cmake_force_configure=False, ament_cmake_args=None, catkin_cmake_args=None, catkin_skip_building_tests=False, mixin_files=None, mixin=None, verb_parser=<colcon_mixin.mixin.mixin_argument.MixinArgumentDecorator object at 0xffff9d46a3b0>, verb_extension=<colcon_core.verb.build.BuildVerb object at 0xffff9d567340>, main=<bound method BuildVerb.main of <colcon_core.verb.build.BuildVerb object at 0xffff9d567340>>, mixin_verb=('build',))
[6.324s] Level 1:colcon.colcon_core.package_discovery:discover_packages(colcon_meta) check parameters
[6.331s] Level 1:colcon.colcon_core.package_discovery:discover_packages(recursive) check parameters
[6.332s] Level 1:colcon.colcon_core.package_discovery:discover_packages(ignore) check parameters
[6.335s] Level 1:colcon.colcon_core.package_discovery:discover_packages(path) check parameters
[6.337s] Level 1:colcon.colcon_core.package_discovery:discover_packages(colcon_meta) discover
[6.341s] Level 1:colcon.colcon_core.package_discovery:discover_packages(recursive) discover
[6.343s] INFO:colcon.colcon_core.package_discovery:Crawling recursively for packages in '/home/group4/Documents/EECE5554-FP/navphy_ws'
[6.348s] Level 1:colcon.colcon_core.package_identification:_identify(.) by extensions ['ignore', 'ignore_ament_install']
[6.350s] Level 1:colcon.colcon_core.package_identification:_identify(.) by extension 'ignore'
[6.350s] Level 1:colcon.colcon_core.package_identification:_identify(.) by extension 'ignore_ament_install'
[6.352s] Level 1:colcon.colcon_core.package_identification:_identify(.) by extensions ['colcon_pkg']
[6.354s] Level 1:colcon.colcon_core.package_identification:_identify(.) by extension 'colcon_pkg'
[6.357s] Level 1:colcon.colcon_core.package_identification:_identify(.) by extensions ['colcon_meta']
[6.361s] Level 1:colcon.colcon_core.package_identification:_identify(.) by extension 'colcon_meta'
[6.364s] Level 1:colcon.colcon_core.package_identification:_identify(.) by extensions ['ros']
[6.364s] Level 1:colcon.colcon_core.package_identification:_identify(.) by extension 'ros'
[6.524s] Level 1:colcon.colcon_core.package_identification:_identify(.) by extensions ['cmake', 'python']
[6.525s] Level 1:colcon.colcon_core.package_identification:_identify(.) by extension 'cmake'
[6.526s] Level 1:colcon.colcon_core.package_identification:_identify(.) by extension 'python'
[6.526s] Level 1:colcon.colcon_core.package_identification:_identify(.) by extensions ['python_setup_py']
[6.527s] Level 1:colcon.colcon_core.package_identification:_identify(.) by extension 'python_setup_py'
[6.529s] Level 1:colcon.colcon_core.package_identification:_identify(basic_mobile_robot) by extensions ['ignore', 'ignore_ament_install']
[6.530s] Level 1:colcon.colcon_core.package_identification:_identify(basic_mobile_robot) by extension 'ignore'
[6.531s] Level 1:colcon.colcon_core.package_identification:_identify(basic_mobile_robot) by extension 'ignore_ament_install'
[6.532s] Level 1:colcon.colcon_core.package_identification:_identify(basic_mobile_robot) by extensions ['colcon_pkg']
[6.532s] Level 1:colcon.colcon_core.package_identification:_identify(basic_mobile_robot) by extension 'colcon_pkg'
[6.533s] Level 1:colcon.colcon_core.package_identification:_identify(basic_mobile_robot) by extensions ['colcon_meta']
[6.533s] Level 1:colcon.colcon_core.package_identification:_identify(basic_mobile_robot) by extension 'colcon_meta'
[6.534s] Level 1:colcon.colcon_core.package_identification:_identify(basic_mobile_robot) by extensions ['ros']
[6.534s] Level 1:colcon.colcon_core.package_identification:_identify(basic_mobile_robot) by extension 'ros'
[6.558s] DEBUG:colcon.colcon_core.package_identification:Package 'basic_mobile_robot' with type 'ros.ament_cmake' and name 'basic_mobile_robot'
[6.560s] Level 1:colcon.colcon_core.package_identification:_identify(build) by extensions ['ignore', 'ignore_ament_install']
[6.560s] Level 1:colcon.colcon_core.package_identification:_identify(build) by extension 'ignore'
[6.561s] Level 1:colcon.colcon_core.package_identification:_identify(build) ignored
[6.562s] Level 1:colcon.colcon_core.package_identification:_identify(install) by extensions ['ignore', 'ignore_ament_install']
[6.563s] Level 1:colcon.colcon_core.package_identification:_identify(install) by extension 'ignore'
[6.564s] Level 1:colcon.colcon_core.package_identification:_identify(install) ignored
[6.565s] Level 1:colcon.colcon_core.package_identification:_identify(log) by extensions ['ignore', 'ignore_ament_install']
[6.566s] Level 1:colcon.colcon_core.package_identification:_identify(log) by extension 'ignore'
[6.567s] Level 1:colcon.colcon_core.package_identification:_identify(log) ignored
[6.568s] Level 1:colcon.colcon_core.package_identification:_identify(navigation) by extensions ['ignore', 'ignore_ament_install']
[6.569s] Level 1:colcon.colcon_core.package_identification:_identify(navigation) by extension 'ignore'
[6.569s] Level 1:colcon.colcon_core.package_identification:_identify(navigation) by extension 'ignore_ament_install'
[6.570s] Level 1:colcon.colcon_core.package_identification:_identify(navigation) by extensions ['colcon_pkg']
[6.570s] Level 1:colcon.colcon_core.package_identification:_identify(navigation) by extension 'colcon_pkg'
[6.571s] Level 1:colcon.colcon_core.package_identification:_identify(navigation) by extensions ['colcon_meta']
[6.571s] Level 1:colcon.colcon_core.package_identification:_identify(navigation) by extension 'colcon_meta'
[6.572s] Level 1:colcon.colcon_core.package_identification:_identify(navigation) by extensions ['ros']
[6.572s] Level 1:colcon.colcon_core.package_identification:_identify(navigation) by extension 'ros'
[6.576s] DEBUG:colcon.colcon_core.package_identification:Package 'navigation' with type 'ros.ament_python' and name 'navigation'
[6.577s] Level 1:colcon.colcon_core.package_identification:_identify(piCam) by extensions ['ignore', 'ignore_ament_install']
[6.578s] Level 1:colcon.colcon_core.package_identification:_identify(piCam) by extension 'ignore'
[6.578s] Level 1:colcon.colcon_core.package_identification:_identify(piCam) by extension 'ignore_ament_install'
[6.579s] Level 1:colcon.colcon_core.package_identification:_identify(piCam) by extensions ['colcon_pkg']
[6.580s] Level 1:colcon.colcon_core.package_identification:_identify(piCam) by extension 'colcon_pkg'
[6.580s] Level 1:colcon.colcon_core.package_identification:_identify(piCam) by extensions ['colcon_meta']
[6.581s] Level 1:colcon.colcon_core.package_identification:_identify(piCam) by extension 'colcon_meta'
[6.581s] Level 1:colcon.colcon_core.package_identification:_identify(piCam) by extensions ['ros']
[6.581s] Level 1:colcon.colcon_core.package_identification:_identify(piCam) by extension 'ros'
[6.582s] Level 1:colcon.colcon_core.package_identification:_identify(piCam) by extensions ['cmake', 'python']
[6.583s] Level 1:colcon.colcon_core.package_identification:_identify(piCam) by extension 'cmake'
[6.583s] Level 1:colcon.colcon_core.package_identification:_identify(piCam) by extension 'python'
[6.584s] Level 1:colcon.colcon_core.package_identification:_identify(piCam) by extensions ['python_setup_py']
[6.584s] Level 1:colcon.colcon_core.package_identification:_identify(piCam) by extension 'python_setup_py'
[6.585s] Level 1:colcon.colcon_core.package_identification:_identify(piCam/calibration_images) by extensions ['ignore', 'ignore_ament_install']
[6.586s] Level 1:colcon.colcon_core.package_identification:_identify(piCam/calibration_images) by extension 'ignore'
[6.587s] Level 1:colcon.colcon_core.package_identification:_identify(piCam/calibration_images) by extension 'ignore_ament_install'
[6.587s] Level 1:colcon.colcon_core.package_identification:_identify(piCam/calibration_images) by extensions ['colcon_pkg']
[6.587s] Level 1:colcon.colcon_core.package_identification:_identify(piCam/calibration_images) by extension 'colcon_pkg'
[6.588s] Level 1:colcon.colcon_core.package_identification:_identify(piCam/calibration_images) by extensions ['colcon_meta']
[6.589s] Level 1:colcon.colcon_core.package_identification:_identify(piCam/calibration_images) by extension 'colcon_meta'
[6.589s] Level 1:colcon.colcon_core.package_identification:_identify(piCam/calibration_images) by extensions ['ros']
[6.589s] Level 1:colcon.colcon_core.package_identification:_identify(piCam/calibration_images) by extension 'ros'
[6.590s] Level 1:colcon.colcon_core.package_identification:_identify(piCam/calibration_images) by extensions ['cmake', 'python']
[6.590s] Level 1:colcon.colcon_core.package_identification:_identify(piCam/calibration_images) by extension 'cmake'
[6.591s] Level 1:colcon.colcon_core.package_identification:_identify(piCam/calibration_images) by extension 'python'
[6.592s] Level 1:colcon.colcon_core.package_identification:_identify(piCam/calibration_images) by extensions ['python_setup_py']
[6.592s] Level 1:colcon.colcon_core.package_identification:_identify(piCam/calibration_images) by extension 'python_setup_py'
[6.593s] Level 1:colcon.colcon_core.package_identification:_identify(piCam/captured_images) by extensions ['ignore', 'ignore_ament_install']
[6.594s] Level 1:colcon.colcon_core.package_identification:_identify(piCam/captured_images) by extension 'ignore'
[6.594s] Level 1:colcon.colcon_core.package_identification:_identify(piCam/captured_images) by extension 'ignore_ament_install'
[6.595s] Level 1:colcon.colcon_core.package_identification:_identify(piCam/captured_images) by extensions ['colcon_pkg']
[6.596s] Level 1:colcon.colcon_core.package_identification:_identify(piCam/captured_images) by extension 'colcon_pkg'
[6.596s] Level 1:colcon.colcon_core.package_identification:_identify(piCam/captured_images) by extensions ['colcon_meta']
[6.596s] Level 1:colcon.colcon_core.package_identification:_identify(piCam/captured_images) by extension 'colcon_meta'
[6.597s] Level 1:colcon.colcon_core.package_identification:_identify(piCam/captured_images) by extensions ['ros']
[6.598s] Level 1:colcon.colcon_core.package_identification:_identify(piCam/captured_images) by extension 'ros'
[6.599s] Level 1:colcon.colcon_core.package_identification:_identify(piCam/captured_images) by extensions ['cmake', 'python']
[6.599s] Level 1:colcon.colcon_core.package_identification:_identify(piCam/captured_images) by extension 'cmake'
[6.599s] Level 1:colcon.colcon_core.package_identification:_identify(piCam/captured_images) by extension 'python'
[6.600s] Level 1:colcon.colcon_core.package_identification:_identify(piCam/captured_images) by extensions ['python_setup_py']
[6.601s] Level 1:colcon.colcon_core.package_identification:_identify(piCam/captured_images) by extension 'python_setup_py'
[6.602s] Level 1:colcon.colcon_core.package_identification:_identify(rpi_pico) by extensions ['ignore', 'ignore_ament_install']
[6.603s] Level 1:colcon.colcon_core.package_identification:_identify(rpi_pico) by extension 'ignore'
[6.603s] Level 1:colcon.colcon_core.package_identification:_identify(rpi_pico) by extension 'ignore_ament_install'
[6.604s] Level 1:colcon.colcon_core.package_identification:_identify(rpi_pico) by extensions ['colcon_pkg']
[6.604s] Level 1:colcon.colcon_core.package_identification:_identify(rpi_pico) by extension 'colcon_pkg'
[6.605s] Level 1:colcon.colcon_core.package_identification:_identify(rpi_pico) by extensions ['colcon_meta']
[6.606s] Level 1:colcon.colcon_core.package_identification:_identify(rpi_pico) by extension 'colcon_meta'
[6.606s] Level 1:colcon.colcon_core.package_identification:_identify(rpi_pico) by extensions ['ros']
[6.606s] Level 1:colcon.colcon_core.package_identification:_identify(rpi_pico) by extension 'ros'
[6.607s] Level 1:colcon.colcon_core.package_identification:_identify(rpi_pico) by extensions ['cmake', 'python']
[6.607s] Level 1:colcon.colcon_core.package_identification:_identify(rpi_pico) by extension 'cmake'
[6.608s] Level 1:colcon.colcon_core.package_identification:_identify(rpi_pico) by extension 'python'
[6.608s] Level 1:colcon.colcon_core.package_identification:_identify(rpi_pico) by extensions ['python_setup_py']
[6.609s] Level 1:colcon.colcon_core.package_identification:_identify(rpi_pico) by extension 'python_setup_py'
[6.610s] Level 1:colcon.colcon_core.package_identification:_identify(scripts) by extensions ['ignore', 'ignore_ament_install']
[6.611s] Level 1:colcon.colcon_core.package_identification:_identify(scripts) by extension 'ignore'
[6.611s] Level 1:colcon.colcon_core.package_identification:_identify(scripts) by extension 'ignore_ament_install'
[6.612s] Level 1:colcon.colcon_core.package_identification:_identify(scripts) by extensions ['colcon_pkg']
[6.612s] Level 1:colcon.colcon_core.package_identification:_identify(scripts) by extension 'colcon_pkg'
[6.613s] Level 1:colcon.colcon_core.package_identification:_identify(scripts) by extensions ['colcon_meta']
[6.613s] Level 1:colcon.colcon_core.package_identification:_identify(scripts) by extension 'colcon_meta'
[6.614s] Level 1:colcon.colcon_core.package_identification:_identify(scripts) by extensions ['ros']
[6.614s] Level 1:colcon.colcon_core.package_identification:_identify(scripts) by extension 'ros'
[6.615s] Level 1:colcon.colcon_core.package_identification:_identify(scripts) by extensions ['cmake', 'python']
[6.615s] Level 1:colcon.colcon_core.package_identification:_identify(scripts) by extension 'cmake'
[6.616s] Level 1:colcon.colcon_core.package_identification:_identify(scripts) by extension 'python'
[6.616s] Level 1:colcon.colcon_core.package_identification:_identify(scripts) by extensions ['python_setup_py']
[6.617s] Level 1:colcon.colcon_core.package_identification:_identify(scripts) by extension 'python_setup_py'
[6.618s] Level 1:colcon.colcon_core.package_identification:_identify(target_tracking) by extensions ['ignore', 'ignore_ament_install']
[6.619s] Level 1:colcon.colcon_core.package_identification:_identify(target_tracking) by extension 'ignore'
[6.619s] Level 1:colcon.colcon_core.package_identification:_identify(target_tracking) by extension 'ignore_ament_install'
[6.620s] Level 1:colcon.colcon_core.package_identification:_identify(target_tracking) by extensions ['colcon_pkg']
[6.620s] Level 1:colcon.colcon_core.package_identification:_identify(target_tracking) by extension 'colcon_pkg'
[6.621s] Level 1:colcon.colcon_core.package_identification:_identify(target_tracking) by extensions ['colcon_meta']
[6.621s] Level 1:colcon.colcon_core.package_identification:_identify(target_tracking) by extension 'colcon_meta'
[6.622s] Level 1:colcon.colcon_core.package_identification:_identify(target_tracking) by extensions ['ros']
[6.622s] Level 1:colcon.colcon_core.package_identification:_identify(target_tracking) by extension 'ros'
[6.625s] DEBUG:colcon.colcon_core.package_identification:Package 'target_tracking' with type 'ros.ament_python' and name 'target_tracking'
[6.626s] Level 1:colcon.colcon_core.package_discovery:discover_packages(recursive) using defaults
[6.627s] Level 1:colcon.colcon_core.package_discovery:discover_packages(ignore) discover
[6.627s] Level 1:colcon.colcon_core.package_discovery:discover_packages(ignore) using defaults
[6.628s] Level 1:colcon.colcon_core.package_discovery:discover_packages(path) discover
[6.628s] Level 1:colcon.colcon_core.package_discovery:discover_packages(path) using defaults
[6.973s] INFO:colcon.colcon_core.package_selection:Skipping not selected package 'basic_mobile_robot' in 'basic_mobile_robot'
[6.974s] INFO:colcon.colcon_core.package_selection:Skipping not selected package 'navigation' in 'navigation'
[6.979s] Level 1:colcon.colcon_core.package_discovery:discover_packages(prefix_path) check parameters
[6.980s] Level 1:colcon.colcon_core.package_discovery:discover_packages(prefix_path) discover
[6.996s] WARNING:colcon.colcon_ros.prefix_path.ament:The path '/home/group4/Documents/EECE5554-FP/navphy_ws/install/aruco_track' in the environment variable AMENT_PREFIX_PATH doesn't exist
[7.007s] DEBUG:colcon.colcon_installed_package_information.package_discovery:Found 1 installed packages in /home/group4/Documents/EECE5554-FP/navphy_ws/install
[7.038s] DEBUG:colcon.colcon_installed_package_information.package_discovery:Found 270 installed packages in /opt/ros/humble
[7.052s] Level 1:colcon.colcon_core.package_discovery:discover_packages(prefix_path) using defaults
[7.657s] Level 5:colcon.colcon_core.verb:set package 'target_tracking' build argument 'cmake_args' from command line to 'None'
[7.658s] Level 5:colcon.colcon_core.verb:set package 'target_tracking' build argument 'cmake_target' from command line to 'None'
[7.659s] Level 5:colcon.colcon_core.verb:set package 'target_tracking' build argument 'cmake_target_skip_unavailable' from command line to 'False'
[7.660s] Level 5:colcon.colcon_core.verb:set package 'target_tracking' build argument 'cmake_clean_cache' from command line to 'False'
[7.661s] Level 5:colcon.colcon_core.verb:set package 'target_tracking' build argument 'cmake_clean_first' from command line to 'False'
[7.661s] Level 5:colcon.colcon_core.verb:set package 'target_tracking' build argument 'cmake_force_configure' from command line to 'False'
[7.662s] Level 5:colcon.colcon_core.verb:set package 'target_tracking' build argument 'ament_cmake_args' from command line to 'None'
[7.664s] Level 5:colcon.colcon_core.verb:set package 'target_tracking' build argument 'catkin_cmake_args' from command line to 'None'
[7.665s] Level 5:colcon.colcon_core.verb:set package 'target_tracking' build argument 'catkin_skip_building_tests' from command line to 'False'
[7.666s] DEBUG:colcon.colcon_core.verb:Building package 'target_tracking' with the following arguments: {'ament_cmake_args': None, 'build_base': '/home/group4/Documents/EECE5554-FP/navphy_ws/build/target_tracking', 'catkin_cmake_args': None, 'catkin_skip_building_tests': False, 'cmake_args': None, 'cmake_clean_cache': False, 'cmake_clean_first': False, 'cmake_force_configure': False, 'cmake_target': None, 'cmake_target_skip_unavailable': False, 'install_base': '/home/group4/Documents/EECE5554-FP/navphy_ws/install/target_tracking', 'merge_install': False, 'path': '/home/group4/Documents/EECE5554-FP/navphy_ws/target_tracking', 'symlink_install': False, 'test_result_base': None}
[7.668s] INFO:colcon.colcon_core.executor:Executing jobs using 'parallel' executor
[7.680s] DEBUG:colcon.colcon_parallel_executor.executor.parallel:run_until_complete
[7.684s] INFO:colcon.colcon_ros.task.ament_python.build:Building ROS package in '/home/group4/Documents/EECE5554-FP/navphy_ws/target_tracking' with build type 'ament_python'
[7.689s] Level 1:colcon.colcon_core.shell:create_environment_hook('target_tracking', 'ament_prefix_path')
[7.718s] INFO:colcon.colcon_core.plugin_system:Skipping extension 'colcon_core.shell.bat': Not used on non-Windows systems
[7.721s] INFO:colcon.colcon_core.shell:Creating environment hook '/home/group4/Documents/EECE5554-FP/navphy_ws/install/target_tracking/share/target_tracking/hook/ament_prefix_path.ps1'
[7.730s] INFO:colcon.colcon_core.shell:Creating environment descriptor '/home/group4/Documents/EECE5554-FP/navphy_ws/install/target_tracking/share/target_tracking/hook/ament_prefix_path.dsv'
[7.738s] INFO:colcon.colcon_core.shell:Creating environment hook '/home/group4/Documents/EECE5554-FP/navphy_ws/install/target_tracking/share/target_tracking/hook/ament_prefix_path.sh'
[7.748s] INFO:colcon.colcon_core.shell:Skip shell extension 'powershell' for command environment: Not usable outside of PowerShell
[7.749s] DEBUG:colcon.colcon_core.shell:Skip shell extension 'dsv' for command environment
[9.801s] INFO:colcon.colcon_core.task.python.build:Building Python package in '/home/group4/Documents/EECE5554-FP/navphy_ws/target_tracking'
[9.802s] INFO:colcon.colcon_core.shell:Skip shell extension 'powershell' for command environment: Not usable outside of PowerShell
[9.803s] DEBUG:colcon.colcon_core.shell:Skip shell extension 'dsv' for command environment
[11.654s] DEBUG:colcon.colcon_core.event_handler.log_command:Invoking command in '/home/group4/Documents/EECE5554-FP/navphy_ws/target_tracking': PYTHONPATH=/home/group4/Documents/EECE5554-FP/navphy_ws/build/target_tracking/prefix_override:/usr/lib/python3/dist-packages/colcon_core/task/python/colcon_distutils_commands:/home/group4/Documents/EECE5554-FP/navphy_ws/install/target_tracking/lib/python3.10/site-packages:${PYTHONPATH} /usr/bin/python3 -W ignore:setup.py install is deprecated -W ignore:easy_install command is deprecated setup.py egg_info --egg-base ../build/target_tracking build --build-base /home/group4/Documents/EECE5554-FP/navphy_ws/build/target_tracking/build install --record /home/group4/Documents/EECE5554-FP/navphy_ws/build/target_tracking/install.log --single-version-externally-managed install_data
[13.227s] DEBUG:colcon.colcon_core.event_handler.log_command:Invoked command in '/home/group4/Documents/EECE5554-FP/navphy_ws/target_tracking' returned '0': PYTHONPATH=/home/group4/Documents/EECE5554-FP/navphy_ws/build/target_tracking/prefix_override:/usr/lib/python3/dist-packages/colcon_core/task/python/colcon_distutils_commands:/home/group4/Documents/EECE5554-FP/navphy_ws/install/target_tracking/lib/python3.10/site-packages:${PYTHONPATH} /usr/bin/python3 -W ignore:setup.py install is deprecated -W ignore:easy_install command is deprecated setup.py egg_info --egg-base ../build/target_tracking build --build-base /home/group4/Documents/EECE5554-FP/navphy_ws/build/target_tracking/build install --record /home/group4/Documents/EECE5554-FP/navphy_ws/build/target_tracking/install.log --single-version-externally-managed install_data
[13.237s] Level 1:colcon.colcon_core.environment:checking '/home/group4/Documents/EECE5554-FP/navphy_ws/install/target_tracking' for CMake module files
[13.240s] Level 1:colcon.colcon_core.environment:checking '/home/group4/Documents/EECE5554-FP/navphy_ws/install/target_tracking' for CMake config files
[13.246s] Level 1:colcon.colcon_core.environment:checking '/home/group4/Documents/EECE5554-FP/navphy_ws/install/target_tracking/lib'
[13.247s] Level 1:colcon.colcon_core.environment:checking '/home/group4/Documents/EECE5554-FP/navphy_ws/install/target_tracking/bin'
[13.247s] Level 1:colcon.colcon_core.environment:checking '/home/group4/Documents/EECE5554-FP/navphy_ws/install/target_tracking/lib/pkgconfig/target_tracking.pc'
[13.249s] Level 1:colcon.colcon_core.environment:checking '/home/group4/Documents/EECE5554-FP/navphy_ws/install/target_tracking/lib/python3.10/site-packages'
[13.250s] Level 1:colcon.colcon_core.shell:create_environment_hook('target_tracking', 'pythonpath')
[13.251s] INFO:colcon.colcon_core.shell:Creating environment hook '/home/group4/Documents/EECE5554-FP/navphy_ws/install/target_tracking/share/target_tracking/hook/pythonpath.ps1'
[13.254s] INFO:colcon.colcon_core.shell:Creating environment descriptor '/home/group4/Documents/EECE5554-FP/navphy_ws/install/target_tracking/share/target_tracking/hook/pythonpath.dsv'
[13.256s] INFO:colcon.colcon_core.shell:Creating environment hook '/home/group4/Documents/EECE5554-FP/navphy_ws/install/target_tracking/share/target_tracking/hook/pythonpath.sh'
[13.260s] Level 1:colcon.colcon_core.environment:checking '/home/group4/Documents/EECE5554-FP/navphy_ws/install/target_tracking/bin'
[13.260s] Level 1:colcon.colcon_core.environment:create_environment_scripts_only(target_tracking)
[13.262s] INFO:colcon.colcon_core.shell:Creating package script '/home/group4/Documents/EECE5554-FP/navphy_ws/install/target_tracking/share/target_tracking/package.ps1'
[13.266s] INFO:colcon.colcon_core.shell:Creating package descriptor '/home/group4/Documents/EECE5554-FP/navphy_ws/install/target_tracking/share/target_tracking/package.dsv'
[13.270s] INFO:colcon.colcon_core.shell:Creating package script '/home/group4/Documents/EECE5554-FP/navphy_ws/install/target_tracking/share/target_tracking/package.sh'
[13.274s] INFO:colcon.colcon_core.shell:Creating package script '/home/group4/Documents/EECE5554-FP/navphy_ws/install/target_tracking/share/target_tracking/package.bash'
[13.278s] INFO:colcon.colcon_core.shell:Creating package script '/home/group4/Documents/EECE5554-FP/navphy_ws/install/target_tracking/share/target_tracking/package.zsh'
[13.284s] Level 1:colcon.colcon_core.environment:create_file_with_runtime_dependencies(/home/group4/Documents/EECE5554-FP/navphy_ws/install/target_tracking/share/colcon-core/packages/target_tracking)
[13.288s] DEBUG:colcon.colcon_parallel_executor.executor.parallel:closing loop
[13.289s] DEBUG:colcon.colcon_parallel_executor.executor.parallel:loop closed
[13.290s] DEBUG:colcon.colcon_parallel_executor.executor.parallel:run_until_complete finished with '0'
[13.291s] DEBUG:colcon.colcon_core.event_reactor:joining thread
[13.334s] INFO:colcon.colcon_core.plugin_system:Skipping extension 'colcon_notification.desktop_notification.terminal_notifier': Not used on non-Darwin systems
[13.335s] INFO:colcon.colcon_core.plugin_system:Skipping extension 'colcon_notification.desktop_notification.win32': Not used on non-Windows systems
[13.336s] INFO:colcon.colcon_notification.desktop_notification:Sending desktop notification using 'notify2'
[13.397s] DEBUG:colcon.colcon_core.event_reactor:joined thread
[13.398s] INFO:colcon.colcon_core.shell:Creating prefix script '/home/group4/Documents/EECE5554-FP/navphy_ws/install/local_setup.ps1'
[13.403s] INFO:colcon.colcon_core.shell:Creating prefix util module '/home/group4/Documents/EECE5554-FP/navphy_ws/install/_local_setup_util_ps1.py'
[13.414s] INFO:colcon.colcon_core.shell:Creating prefix chain script '/home/group4/Documents/EECE5554-FP/navphy_ws/install/setup.ps1'
[13.426s] INFO:colcon.colcon_core.shell:Creating prefix script '/home/group4/Documents/EECE5554-FP/navphy_ws/install/local_setup.sh'
[13.433s] INFO:colcon.colcon_core.shell:Creating prefix util module '/home/group4/Documents/EECE5554-FP/navphy_ws/install/_local_setup_util_sh.py'
[13.437s] INFO:colcon.colcon_core.shell:Creating prefix chain script '/home/group4/Documents/EECE5554-FP/navphy_ws/install/setup.sh'
[13.447s] INFO:colcon.colcon_core.shell:Creating prefix script '/home/group4/Documents/EECE5554-FP/navphy_ws/install/local_setup.bash'
[13.452s] INFO:colcon.colcon_core.shell:Creating prefix chain script '/home/group4/Documents/EECE5554-FP/navphy_ws/install/setup.bash'
[13.462s] INFO:colcon.colcon_core.shell:Creating prefix script '/home/group4/Documents/EECE5554-FP/navphy_ws/install/local_setup.zsh'
[13.470s] INFO:colcon.colcon_core.shell:Creating prefix chain script '/home/group4/Documents/EECE5554-FP/navphy_ws/install/setup.zsh'
