[5.878s] Invoking command in '/home/group4/Documents/EECE5554-FP/navphy_ws/navigation': PYTHONPATH=/home/group4/Documents/EECE5554-FP/navphy_ws/build/navigation/prefix_override:/usr/lib/python3/dist-packages/colcon_core/task/python/colcon_distutils_commands:/home/group4/Documents/EECE5554-FP/navphy_ws/install/navigation/lib/python3.10/site-packages:${PYTHONPATH} /usr/bin/python3 -W ignore:setup.py install is deprecated -W ignore:easy_install command is deprecated setup.py egg_info --egg-base ../build/navigation build --build-base /home/group4/Documents/EECE5554-FP/navphy_ws/build/navigation/build install --record /home/group4/Documents/EECE5554-FP/navphy_ws/build/navigation/install.log --single-version-externally-managed install_data
[10.350s] running egg_info
[10.374s] creating ../build/navigation/navigation.egg-info
[10.375s] writing ../build/navigation/navigation.egg-info/PKG-INFO
[10.389s] writing dependency_links to ../build/navigation/navigation.egg-info/dependency_links.txt
[10.399s] writing entry points to ../build/navigation/navigation.egg-info/entry_points.txt
[10.400s] writing requirements to ../build/navigation/navigation.egg-info/requires.txt
[10.410s] writing top-level names to ../build/navigation/navigation.egg-info/top_level.txt
[10.412s] writing manifest file '../build/navigation/navigation.egg-info/SOURCES.txt'
[10.462s] reading manifest file '../build/navigation/navigation.egg-info/SOURCES.txt'
[10.486s] writing manifest file '../build/navigation/navigation.egg-info/SOURCES.txt'
[10.491s] running build
[10.496s] running build_py
[10.507s] creating /home/group4/Documents/EECE5554-FP/navphy_ws/build/navigation/build
[10.512s] creating /home/group4/Documents/EECE5554-FP/navphy_ws/build/navigation/build/lib
[10.522s] creating /home/group4/Documents/EECE5554-FP/navphy_ws/build/navigation/build/lib/navigation
[10.528s] copying navigation/__init__.py -> /home/group4/Documents/EECE5554-FP/navphy_ws/build/navigation/build/lib/navigation
[10.533s] copying navigation/nav2pose_talker.py -> /home/group4/Documents/EECE5554-FP/navphy_ws/build/navigation/build/lib/navigation
[10.535s] copying navigation/nav2pose.py -> /home/group4/Documents/EECE5554-FP/navphy_ws/build/navigation/build/lib/navigation
[10.545s] copying navigation/target_search.py -> /home/group4/Documents/EECE5554-FP/navphy_ws/build/navigation/build/lib/navigation
[10.548s] running install
[10.554s] running install_lib
[10.577s] creating /home/group4/Documents/EECE5554-FP/navphy_ws/install/navigation/lib/python3.10/site-packages/navigation
[10.579s] copying /home/group4/Documents/EECE5554-FP/navphy_ws/build/navigation/build/lib/navigation/__init__.py -> /home/group4/Documents/EECE5554-FP/navphy_ws/install/navigation/lib/python3.10/site-packages/navigation
[10.581s] copying /home/group4/Documents/EECE5554-FP/navphy_ws/build/navigation/build/lib/navigation/nav2pose_talker.py -> /home/group4/Documents/EECE5554-FP/navphy_ws/install/navigation/lib/python3.10/site-packages/navigation
[10.583s] copying /home/group4/Documents/EECE5554-FP/navphy_ws/build/navigation/build/lib/navigation/nav2pose.py -> /home/group4/Documents/EECE5554-FP/navphy_ws/install/navigation/lib/python3.10/site-packages/navigation
[10.588s] copying /home/group4/Documents/EECE5554-FP/navphy_ws/build/navigation/build/lib/navigation/target_search.py -> /home/group4/Documents/EECE5554-FP/navphy_ws/install/navigation/lib/python3.10/site-packages/navigation
[10.599s] byte-compiling /home/group4/Documents/EECE5554-FP/navphy_ws/install/navigation/lib/python3.10/site-packages/navigation/__init__.py to __init__.cpython-310.pyc
[10.606s] byte-compiling /home/group4/Documents/EECE5554-FP/navphy_ws/install/navigation/lib/python3.10/site-packages/navigation/nav2pose_talker.py to nav2pose_talker.cpython-310.pyc
[10.616s] byte-compiling /home/group4/Documents/EECE5554-FP/navphy_ws/install/navigation/lib/python3.10/site-packages/navigation/nav2pose.py to nav2pose.cpython-310.pyc
[10.639s] byte-compiling /home/group4/Documents/EECE5554-FP/navphy_ws/install/navigation/lib/python3.10/site-packages/navigation/target_search.py to target_search.cpython-310.pyc
[10.667s] running install_data
[10.669s] creating /home/group4/Documents/EECE5554-FP/navphy_ws/install/navigation/share/ament_index
[10.673s] creating /home/group4/Documents/EECE5554-FP/navphy_ws/install/navigation/share/ament_index/resource_index
[10.683s] creating /home/group4/Documents/EECE5554-FP/navphy_ws/install/navigation/share/ament_index/resource_index/packages
[10.689s] copying resource/navigation -> /home/group4/Documents/EECE5554-FP/navphy_ws/install/navigation/share/ament_index/resource_index/packages
[10.695s] copying package.xml -> /home/group4/Documents/EECE5554-FP/navphy_ws/install/navigation/share/navigation
[10.701s] running install_egg_info
[10.754s] Copying ../build/navigation/navigation.egg-info to /home/group4/Documents/EECE5554-FP/navphy_ws/install/navigation/lib/python3.10/site-packages/navigation-0.0.0-py3.10.egg-info
[10.780s] running install_scripts
[11.222s] Installing nav2pose script to /home/group4/Documents/EECE5554-FP/navphy_ws/install/navigation/lib/navigation
[11.231s] Installing nav2pose_talker script to /home/group4/Documents/EECE5554-FP/navphy_ws/install/navigation/lib/navigation
[11.249s] Installing target_search script to /home/group4/Documents/EECE5554-FP/navphy_ws/install/navigation/lib/navigation
[11.252s] writing list of installed files to '/home/group4/Documents/EECE5554-FP/navphy_ws/build/navigation/install.log'
[11.703s] Invoked command in '/home/group4/Documents/EECE5554-FP/navphy_ws/navigation' returned '0': PYTHONPATH=/home/group4/Documents/EECE5554-FP/navphy_ws/build/navigation/prefix_override:/usr/lib/python3/dist-packages/colcon_core/task/python/colcon_distutils_commands:/home/group4/Documents/EECE5554-FP/navphy_ws/install/navigation/lib/python3.10/site-packages:${PYTHONPATH} /usr/bin/python3 -W ignore:setup.py install is deprecated -W ignore:easy_install command is deprecated setup.py egg_info --egg-base ../build/navigation build --build-base /home/group4/Documents/EECE5554-FP/navphy_ws/build/navigation/build install --record /home/group4/Documents/EECE5554-FP/navphy_ws/build/navigation/install.log --single-version-externally-managed install_data
